{
  "stats": {
    "suites": 1,
    "tests": 2,
    "passes": 2,
    "pending": 0,
    "failures": 0,
    "start": "2021-08-23T09:54:27.689Z",
    "end": "2021-08-23T09:54:38.039Z",
    "duration": 10350,
    "testsRegistered": 2,
    "passPercent": 100,
    "pendingPercent": 0,
    "other": 0,
    "hasOther": false,
    "skipped": 0,
    "hasSkipped": false
  },
  "results": [
    {
      "uuid": "1daadf8f-de41-4a0b-a841-275596fc791a",
      "title": "",
      "fullFile": "cypress/integration/Buggytests/profilepom.spec.js",
      "file": "cypress/integration/Buggytests/profilepom.spec.js",
      "beforeHooks": [],
      "afterHooks": [],
      "tests": [],
      "suites": [
        {
          "uuid": "dc8c04d0-7b3d-4c8e-80fb-38ec68539df5",
          "title": "Profile",
          "fullFile": "",
          "file": "",
          "beforeHooks": [],
          "afterHooks": [],
          "tests": [
            {
              "title": "Check profile",
              "fullTitle": "Profile Check profile",
              "timedOut": null,
              "duration": 3882,
              "state": "passed",
              "speed": "slow",
              "pass": true,
              "fail": false,
              "pending": false,
              "context": null,
              "code": "const profile = new _profile.default();\ncy.login(this.data.register.username, this.data.register.password);\ncy.contains('li', 'Hi', +this.data.register.firstname).should('be.visible');\ncy.contains('a', 'Profile').click();\ncy.url().should('include', '/profile');\nprofile.Gender('Female');\nprofile.Age('30');\ncy.clickButton('Save');\ncy.contains('a', 'Profile').click();\ncy.get('#gender').should('have.value', 'Female');\ncy.get('#age').should('have.value', '30');\ncy.get('#gender').clear();\ncy.get('#age').clear();\ncy.clickButton('Save');",
              "err": {},
              "uuid": "d52a5899-2d7d-4b19-9e1e-c84f7a0b6762",
              "parentUUID": "dc8c04d0-7b3d-4c8e-80fb-38ec68539df5",
              "isHook": false,
              "skipped": false
            },
            {
              "title": "Check hobby",
              "fullTitle": "Profile Check hobby",
              "timedOut": null,
              "duration": 4362,
              "state": "passed",
              "speed": "slow",
              "pass": true,
              "fail": false,
              "pending": false,
              "context": null,
              "code": "cy.login(this.data.register.username, this.data.register.password);\ncy.contains('li', 'Hi', +this.data.register.firstname).should('be.visible');\ncy.contains('a', 'Profile').click();\ncy.checkHobby();",
              "err": {},
              "uuid": "c48026da-d24e-4a0c-897c-8ea2d7c8b8e9",
              "parentUUID": "dc8c04d0-7b3d-4c8e-80fb-38ec68539df5",
              "isHook": false,
              "skipped": false
            }
          ],
          "suites": [],
          "passes": [
            "d52a5899-2d7d-4b19-9e1e-c84f7a0b6762",
            "c48026da-d24e-4a0c-897c-8ea2d7c8b8e9"
          ],
          "failures": [],
          "pending": [],
          "skipped": [],
          "duration": 8244,
          "root": false,
          "rootEmpty": false,
          "_timeout": 2000
        }
      ],
      "passes": [],
      "failures": [],
      "pending": [],
      "skipped": [],
      "duration": 0,
      "root": true,
      "rootEmpty": true,
      "_timeout": 2000
    }
  ],
  "meta": {
    "mocha": {
      "version": "7.0.1"
    },
    "mochawesome": {
      "options": {
        "quiet": false,
        "reportFilename": "report",
        "saveHtml": true,
        "saveJson": true,
        "consoleReporter": "spec",
        "useInlineDiffs": false,
        "code": true
      },
      "version": "6.2.2"
    },
    "marge": {
      "options": {
        "reportDir": "cypress/reports",
        "reportFilename": "report",
        "overwrite": false,
        "html": true,
        "json": true,
        "charts": true
      },
      "version": "5.2.0"
    }
  }
}