{
  "stats": {
    "suites": 2,
    "tests": 9,
    "passes": 9,
    "pending": 0,
    "failures": 0,
    "start": "2021-08-23T09:54:41.014Z",
    "end": "2021-08-23T09:55:05.551Z",
    "duration": 24537,
    "testsRegistered": 9,
    "passPercent": 100,
    "pendingPercent": 0,
    "other": 0,
    "hasOther": false,
    "skipped": 0,
    "hasSkipped": false
  },
  "results": [
    {
      "uuid": "a428f596-9783-4045-9ee0-fcbefeea3f91",
      "title": "",
      "fullFile": "cypress/integration/Buggytests/registerpom.spec.js",
      "file": "cypress/integration/Buggytests/registerpom.spec.js",
      "beforeHooks": [],
      "afterHooks": [],
      "tests": [],
      "suites": [
        {
          "uuid": "1ef73da8-9bbd-446c-b082-aee6793b7547",
          "title": "Register User",
          "fullFile": "",
          "file": "",
          "beforeHooks": [],
          "afterHooks": [],
          "tests": [
            {
              "title": "Valid Registration",
              "fullTitle": "Register User Valid Registration",
              "timedOut": null,
              "duration": 3435,
              "state": "passed",
              "speed": "slow",
              "pass": true,
              "fail": false,
              "pending": false,
              "context": null,
              "code": "const register = new _register.default();\nregister.registerbtn();\ncy.generateRandomString(10).then(data => {\n  register.fillUserName(data);\n  register.fillFirstName(data);\n  register.fillLastName(data);\n});\nregister.fillPassword('Test1234!');\nregister.fillConfirmPassword('Test1234!');\ncy.clickButton('Register');\ncy.contains('Registration is successful').should('be.visible');\ncy.Button('Cancel');\ncy.contains('a', 'Buggy Rating').should('be.visible');",
              "err": {},
              "uuid": "d0776d59-cc9e-46a3-bae4-8a3c0dbfe44f",
              "parentUUID": "1ef73da8-9bbd-446c-b082-aee6793b7547",
              "isHook": false,
              "skipped": false
            },
            {
              "title": "Check Login cannot be more than 50 characters long",
              "fullTitle": "Register User Check Login cannot be more than 50 characters long",
              "timedOut": null,
              "duration": 1784,
              "state": "passed",
              "speed": "slow",
              "pass": true,
              "fail": false,
              "pending": false,
              "context": null,
              "code": "const register = new _register.default();\nregister.registerbtn();\ncy.generateRandomString(60).then(data => {\n  register.fillUserName(data);\n  cy.contains('Login cannot be more than 50 characters long').should('be.visible');\n});\ncy.Button('Cancel');",
              "err": {},
              "uuid": "b730a474-28e7-4e2d-b670-7ef49d213526",
              "parentUUID": "1ef73da8-9bbd-446c-b082-aee6793b7547",
              "isHook": false,
              "skipped": false
            },
            {
              "title": "Check registration form validation",
              "fullTitle": "Register User Check registration form validation",
              "timedOut": null,
              "duration": 2736,
              "state": "passed",
              "speed": "slow",
              "pass": true,
              "fail": false,
              "pending": false,
              "context": null,
              "code": "const register = new _register.default();\nregister.registerbtn();\nregister.fillUserName('HI');\ncy.get('#username').clear();\ncy.contains('Login is required').should('be.visible');\nregister.fillFirstName('test');\ncy.get('#firstName').clear();\ncy.contains('First Name is required').should('be.visible');\nregister.fillLastName('data');\ncy.get('#lastName').clear(); //cy.contains('Last Name is required').should('be.visible')\nregister.fillPassword('Test1234!');\ncy.get('#password').clear();\ncy.contains('Password is required').should('be.visible');\nregister.fillConfirmPassword('Test1234!');\ncy.get('#confirmPassword').clear();\ncy.contains('Passwords do not match').should('be.visible');",
              "err": {},
              "uuid": "d2adae38-9595-4988-aad7-d1a08347e4db",
              "parentUUID": "1ef73da8-9bbd-446c-b082-aee6793b7547",
              "isHook": false,
              "skipped": false
            },
            {
              "title": "User already exist",
              "fullTitle": "Register User User already exist",
              "timedOut": null,
              "duration": 2522,
              "state": "passed",
              "speed": "slow",
              "pass": true,
              "fail": false,
              "pending": false,
              "context": null,
              "code": "const register = new _register.default();\nregister.registerbtn();\nregister.fillUserName(this.data.register.username);\nregister.fillFirstName('test');\nregister.fillLastName('data');\nregister.fillPassword('Tes1234!');\nregister.fillConfirmPassword('Tes1234!');\ncy.clickButton('Register');\ncy.contains('UsernameExistsException: User already exists').should('be.visible');\ncy.Button('Cancel');\ncy.contains('a', 'Buggy Rating').should('be.visible');",
              "err": {},
              "uuid": "979c56e5-0bfb-4033-a935-9a43c6e52b59",
              "parentUUID": "1ef73da8-9bbd-446c-b082-aee6793b7547",
              "isHook": false,
              "skipped": false
            }
          ],
          "suites": [
            {
              "uuid": "7fbb9db6-3dda-45e0-bd76-dc44eca134b2",
              "title": "Password Validation",
              "fullFile": "",
              "file": "",
              "beforeHooks": [],
              "afterHooks": [],
              "tests": [
                {
                  "title": "Invalid password length",
                  "fullTitle": "Register User Password Validation Invalid password length",
                  "timedOut": null,
                  "duration": 2309,
                  "state": "passed",
                  "speed": "slow",
                  "pass": true,
                  "fail": false,
                  "pending": false,
                  "context": null,
                  "code": "const register = new _register.default();\nregister.registerbtn();\nregister.fillUserName('HI');\nregister.fillFirstName('test');\nregister.fillLastName('data');\nregister.fillPassword('test');\nregister.fillConfirmPassword('test');\ncy.clickButton('Register');\ncy.contains(\"InvalidParameter: 1 validation error(s) found.\").should('be.visible');\ncy.contains(\"- minimum field size of 6, SignUpInput.Password.\").should('be.visible');",
                  "err": {},
                  "uuid": "590e499b-b9a0-4dd4-8f73-96582ac62056",
                  "parentUUID": "7fbb9db6-3dda-45e0-bd76-dc44eca134b2",
                  "isHook": false,
                  "skipped": false
                },
                {
                  "title": "Password lowercase",
                  "fullTitle": "Register User Password Validation Password lowercase",
                  "timedOut": null,
                  "duration": 2459,
                  "state": "passed",
                  "speed": "slow",
                  "pass": true,
                  "fail": false,
                  "pending": false,
                  "context": null,
                  "code": "const register = new _register.default();\nregister.registerbtn();\nregister.fillUserName('HI');\nregister.fillFirstName('test');\nregister.fillLastName('data');\nregister.fillPassword('TEST1234!');\nregister.fillConfirmPassword('TEST1234!');\ncy.clickButton('Register');\ncy.contains('InvalidPasswordException: Password did not conform with policy: Password must have lowercase characters').should('be.visible');",
                  "err": {},
                  "uuid": "5dd6032c-55c4-4d7c-80d9-3a11ef23bb56",
                  "parentUUID": "7fbb9db6-3dda-45e0-bd76-dc44eca134b2",
                  "isHook": false,
                  "skipped": false
                },
                {
                  "title": "Password not long enough",
                  "fullTitle": "Register User Password Validation Password not long enough",
                  "timedOut": null,
                  "duration": 2385,
                  "state": "passed",
                  "speed": "slow",
                  "pass": true,
                  "fail": false,
                  "pending": false,
                  "context": null,
                  "code": "const register = new _register.default();\nregister.registerbtn();\nregister.fillUserName('HI');\nregister.fillFirstName('test');\nregister.fillLastName('data');\nregister.fillPassword('tes@12');\nregister.fillConfirmPassword('tes@12');\ncy.clickButton('Register');\ncy.contains('InvalidPasswordException: Password did not conform with policy: Password not long enough').should('be.visible');",
                  "err": {},
                  "uuid": "07a3875e-2b57-43be-8197-bed456f69f55",
                  "parentUUID": "7fbb9db6-3dda-45e0-bd76-dc44eca134b2",
                  "isHook": false,
                  "skipped": false
                },
                {
                  "title": "Password special characters",
                  "fullTitle": "Register User Password Validation Password special characters",
                  "timedOut": null,
                  "duration": 2269,
                  "state": "passed",
                  "speed": "slow",
                  "pass": true,
                  "fail": false,
                  "pending": false,
                  "context": null,
                  "code": "const register = new _register.default();\nregister.registerbtn();\nregister.fillUserName('HI');\nregister.fillFirstName('test');\nregister.fillLastName('data');\nregister.fillPassword('tes12');\nregister.fillConfirmPassword('tes12');\ncy.clickButton('Register');\ncy.contains(\"InvalidParameter: 1 validation error(s) found.\").should('be.visible');\ncy.contains(\"- minimum field size of 6, SignUpInput.Password.\").should('be.visible');",
                  "err": {},
                  "uuid": "59ffce80-453b-4997-83c6-8242ed21e90e",
                  "parentUUID": "7fbb9db6-3dda-45e0-bd76-dc44eca134b2",
                  "isHook": false,
                  "skipped": false
                },
                {
                  "title": "Password Uppercase",
                  "fullTitle": "Register User Password Validation Password Uppercase",
                  "timedOut": null,
                  "duration": 2620,
                  "state": "passed",
                  "speed": "slow",
                  "pass": true,
                  "fail": false,
                  "pending": false,
                  "context": null,
                  "code": "const register = new _register.default();\nregister.registerbtn();\nregister.fillUserName('HI');\nregister.fillFirstName('test');\nregister.fillLastName('data');\nregister.fillPassword('test1234!');\nregister.fillConfirmPassword('test1234!');\ncy.clickButton('Register');\ncy.contains('InvalidPasswordException: Password did not conform with policy: Password must have uppercase characters').should('be.visible');",
                  "err": {},
                  "uuid": "123d1764-23d2-419d-ad9f-403c8706c921",
                  "parentUUID": "7fbb9db6-3dda-45e0-bd76-dc44eca134b2",
                  "isHook": false,
                  "skipped": false
                }
              ],
              "suites": [],
              "passes": [
                "590e499b-b9a0-4dd4-8f73-96582ac62056",
                "5dd6032c-55c4-4d7c-80d9-3a11ef23bb56",
                "07a3875e-2b57-43be-8197-bed456f69f55",
                "59ffce80-453b-4997-83c6-8242ed21e90e",
                "123d1764-23d2-419d-ad9f-403c8706c921"
              ],
              "failures": [],
              "pending": [],
              "skipped": [],
              "duration": 12042,
              "root": false,
              "rootEmpty": false,
              "_timeout": 2000
            }
          ],
          "passes": [
            "d0776d59-cc9e-46a3-bae4-8a3c0dbfe44f",
            "b730a474-28e7-4e2d-b670-7ef49d213526",
            "d2adae38-9595-4988-aad7-d1a08347e4db",
            "979c56e5-0bfb-4033-a935-9a43c6e52b59"
          ],
          "failures": [],
          "pending": [],
          "skipped": [],
          "duration": 10477,
          "root": false,
          "rootEmpty": false,
          "_timeout": 2000
        }
      ],
      "passes": [],
      "failures": [],
      "pending": [],
      "skipped": [],
      "duration": 0,
      "root": true,
      "rootEmpty": true,
      "_timeout": 2000
    }
  ],
  "meta": {
    "mocha": {
      "version": "7.0.1"
    },
    "mochawesome": {
      "options": {
        "quiet": false,
        "reportFilename": "report",
        "saveHtml": true,
        "saveJson": true,
        "consoleReporter": "spec",
        "useInlineDiffs": false,
        "code": true
      },
      "version": "6.2.2"
    },
    "marge": {
      "options": {
        "reportDir": "cypress/reports",
        "reportFilename": "report",
        "overwrite": false,
        "html": true,
        "json": true,
        "charts": true
      },
      "version": "5.2.0"
    }
  }
}