{
  "stats": {
    "suites": 1,
    "tests": 3,
    "passes": 3,
    "pending": 0,
    "failures": 0,
    "start": "2022-03-03T07:57:06.783Z",
    "end": "2022-03-03T07:57:14.828Z",
    "duration": 8045,
    "testsRegistered": 3,
    "passPercent": 100,
    "pendingPercent": 0,
    "other": 0,
    "hasOther": false,
    "skipped": 0,
    "hasSkipped": false
  },
  "results": [
    {
      "uuid": "2e6222f8-5d71-4c1d-b4da-0f6a42dd2bf3",
      "title": "",
      "fullFile": "cypress/integration/Buggytests/homepage.spec.js",
      "file": "cypress/integration/Buggytests/homepage.spec.js",
      "beforeHooks": [],
      "afterHooks": [],
      "tests": [],
      "suites": [
        {
          "uuid": "6783d86d-451b-4440-9298-c38823d5b5ae",
          "title": "Home page",
          "fullFile": "",
          "file": "",
          "beforeHooks": [],
          "afterHooks": [],
          "tests": [
            {
              "title": "Click on popular make",
              "fullTitle": "Home page Click on popular make",
              "timedOut": null,
              "duration": 2413,
              "state": "passed",
              "speed": "slow",
              "pass": true,
              "fail": false,
              "pending": false,
              "context": null,
              "code": "const PopularMake = new _home.default();\nPopularMake.PopularMake();\ncy.scrollTo('center');\nPopularMake.Make();\ncy.url().should('include', '/make');",
              "err": {},
              "uuid": "0ce7b0b6-f4da-488c-be19-645ff13252e8",
              "parentUUID": "6783d86d-451b-4440-9298-c38823d5b5ae",
              "isHook": false,
              "skipped": false
            },
            {
              "title": "Click on popular model",
              "fullTitle": "Home page Click on popular model",
              "timedOut": null,
              "duration": 2334,
              "state": "passed",
              "speed": "slow",
              "pass": true,
              "fail": false,
              "pending": false,
              "context": null,
              "code": "const PopularModel = new _home.default();\nPopularModel.PopularModel();\ncy.url().should('include', '/model');\nPopularModel.Model();\ncy.contains('You need to be logged in to vote.').should('be.visible');\nPopularModel.PopularModel();\nPopularModel.HomePage();",
              "err": {},
              "uuid": "81b1d89d-7c76-4f4f-af4d-d699314d5dda",
              "parentUUID": "6783d86d-451b-4440-9298-c38823d5b5ae",
              "isHook": false,
              "skipped": false
            },
            {
              "title": "Click on overall rating",
              "fullTitle": "Home page Click on overall rating",
              "timedOut": null,
              "duration": 1325,
              "state": "passed",
              "speed": "slow",
              "pass": true,
              "fail": false,
              "pending": false,
              "context": null,
              "code": "const overallRating = new _home.default();\noverallRating.OverallRating();\ncy.url().should('include', '/overall');\noverallRating.Overall();",
              "err": {},
              "uuid": "8a9bebfd-29b8-4c79-a258-4fb1173754cd",
              "parentUUID": "6783d86d-451b-4440-9298-c38823d5b5ae",
              "isHook": false,
              "skipped": false
            }
          ],
          "suites": [],
          "passes": [
            "0ce7b0b6-f4da-488c-be19-645ff13252e8",
            "81b1d89d-7c76-4f4f-af4d-d699314d5dda",
            "8a9bebfd-29b8-4c79-a258-4fb1173754cd"
          ],
          "failures": [],
          "pending": [],
          "skipped": [],
          "duration": 6072,
          "root": false,
          "rootEmpty": false,
          "_timeout": 2000
        }
      ],
      "passes": [],
      "failures": [],
      "pending": [],
      "skipped": [],
      "duration": 0,
      "root": true,
      "rootEmpty": true,
      "_timeout": 2000
    }
  ],
  "meta": {
    "mocha": {
      "version": "7.0.1"
    },
    "mochawesome": {
      "options": {
        "quiet": false,
        "reportFilename": "report",
        "saveHtml": true,
        "saveJson": true,
        "consoleReporter": "spec",
        "useInlineDiffs": false,
        "code": true
      },
      "version": "6.2.2"
    },
    "marge": {
      "options": {
        "reportDir": "cypress/reports",
        "reportFilename": "report",
        "overwrite": false,
        "html": true,
        "json": true,
        "charts": true
      },
      "version": "5.2.0"
    }
  }
}