{
  "stats": {
    "suites": 1,
    "tests": 3,
    "passes": 3,
    "pending": 0,
    "failures": 0,
    "start": "2021-08-27T00:14:47.220Z",
    "end": "2021-08-27T00:14:56.675Z",
    "duration": 9455,
    "testsRegistered": 3,
    "passPercent": 100,
    "pendingPercent": 0,
    "other": 0,
    "hasOther": false,
    "skipped": 0,
    "hasSkipped": false
  },
  "results": [
    {
      "uuid": "2b992369-a18e-4e32-98d9-fa016bef39c7",
      "title": "",
      "fullFile": "cypress/integration/Buggytests/homepage.spec.js",
      "file": "cypress/integration/Buggytests/homepage.spec.js",
      "beforeHooks": [],
      "afterHooks": [],
      "tests": [],
      "suites": [
        {
          "uuid": "807afa18-edbf-4606-a938-b066b8b7e692",
          "title": "Home page",
          "fullFile": "",
          "file": "",
          "beforeHooks": [],
          "afterHooks": [],
          "tests": [
            {
              "title": "Click on popular make",
              "fullTitle": "Home page Click on popular make",
              "timedOut": null,
              "duration": 2668,
              "state": "passed",
              "speed": "slow",
              "pass": true,
              "fail": false,
              "pending": false,
              "context": null,
              "code": "const PopularMake = new _home.default();\nPopularMake.PopularMake();\ncy.scrollTo('center');\nPopularMake.Make();\ncy.url().should('include', '/make');",
              "err": {},
              "uuid": "1a96fdd9-56d6-40e4-bf2b-964552c7e501",
              "parentUUID": "807afa18-edbf-4606-a938-b066b8b7e692",
              "isHook": false,
              "skipped": false
            },
            {
              "title": "Click on popular model",
              "fullTitle": "Home page Click on popular model",
              "timedOut": null,
              "duration": 2955,
              "state": "passed",
              "speed": "slow",
              "pass": true,
              "fail": false,
              "pending": false,
              "context": null,
              "code": "const PopularModel = new _home.default();\nPopularModel.PopularModel();\ncy.url().should('include', '/model');\nPopularModel.Model();\ncy.contains('You need to be logged in to vote.').should('be.visible');\nPopularModel.PopularModel();\nPopularModel.HomePage();",
              "err": {},
              "uuid": "fa8ff8a6-fd35-450b-9165-dde91f4242d2",
              "parentUUID": "807afa18-edbf-4606-a938-b066b8b7e692",
              "isHook": false,
              "skipped": false
            },
            {
              "title": "Click on overall rating",
              "fullTitle": "Home page Click on overall rating",
              "timedOut": null,
              "duration": 1782,
              "state": "passed",
              "speed": "slow",
              "pass": true,
              "fail": false,
              "pending": false,
              "context": null,
              "code": "const overallRating = new _home.default();\noverallRating.OverallRating();\ncy.url().should('include', '/overall');\noverallRating.Overall();",
              "err": {},
              "uuid": "8dd0c7ff-1dd8-4a60-9aef-c72a8212fa2e",
              "parentUUID": "807afa18-edbf-4606-a938-b066b8b7e692",
              "isHook": false,
              "skipped": false
            }
          ],
          "suites": [],
          "passes": [
            "1a96fdd9-56d6-40e4-bf2b-964552c7e501",
            "fa8ff8a6-fd35-450b-9165-dde91f4242d2",
            "8dd0c7ff-1dd8-4a60-9aef-c72a8212fa2e"
          ],
          "failures": [],
          "pending": [],
          "skipped": [],
          "duration": 7405,
          "root": false,
          "rootEmpty": false,
          "_timeout": 2000
        }
      ],
      "passes": [],
      "failures": [],
      "pending": [],
      "skipped": [],
      "duration": 0,
      "root": true,
      "rootEmpty": true,
      "_timeout": 2000
    }
  ],
  "meta": {
    "mocha": {
      "version": "7.0.1"
    },
    "mochawesome": {
      "options": {
        "quiet": false,
        "reportFilename": "report",
        "saveHtml": true,
        "saveJson": true,
        "consoleReporter": "spec",
        "useInlineDiffs": false,
        "code": true
      },
      "version": "6.2.2"
    },
    "marge": {
      "options": {
        "reportDir": "cypress/reports",
        "reportFilename": "report",
        "overwrite": false,
        "html": true,
        "json": true,
        "charts": true
      },
      "version": "5.2.0"
    }
  }
}