{
  "stats": {
    "suites": 1,
    "tests": 4,
    "passes": 4,
    "pending": 0,
    "failures": 0,
    "start": "2021-08-23T09:44:08.604Z",
    "end": "2021-08-23T09:44:22.475Z",
    "duration": 13871,
    "testsRegistered": 4,
    "passPercent": 100,
    "pendingPercent": 0,
    "other": 0,
    "hasOther": false,
    "skipped": 0,
    "hasSkipped": false
  },
  "results": [
    {
      "uuid": "6cf9f15b-d975-48b2-a0ff-6f5aef851184",
      "title": "",
      "fullFile": "cypress/integration/Buggytests/votespom.spec.js",
      "file": "cypress/integration/Buggytests/votespom.spec.js",
      "beforeHooks": [],
      "afterHooks": [],
      "tests": [],
      "suites": [
        {
          "uuid": "7e0ebfd4-54b8-4744-a426-147a89a445bf",
          "title": "Home page",
          "fullFile": "",
          "file": "",
          "beforeHooks": [],
          "afterHooks": [],
          "tests": [
            {
              "title": "Click on popular make",
              "fullTitle": "Home page Click on popular make",
              "timedOut": null,
              "duration": 2296,
              "state": "passed",
              "speed": "slow",
              "pass": true,
              "fail": false,
              "pending": false,
              "context": null,
              "code": "const PopularMake = new _home.default();\nPopularMake.PopularMake();\ncy.scrollTo('center');\nPopularMake.Make();\ncy.url().should('include', '/make');",
              "err": {},
              "uuid": "c9933c91-de41-4442-bb65-f770f748820d",
              "parentUUID": "7e0ebfd4-54b8-4744-a426-147a89a445bf",
              "isHook": false,
              "skipped": false
            },
            {
              "title": "Click on popular model",
              "fullTitle": "Home page Click on popular model",
              "timedOut": null,
              "duration": 3225,
              "state": "passed",
              "speed": "slow",
              "pass": true,
              "fail": false,
              "pending": false,
              "context": null,
              "code": "const PopularModel = new _home.default();\nPopularModel.PopularModel();\ncy.url().should('include', '/model');\nPopularModel.Model();\ncy.contains('You need to be logged in to vote.').should('be.visible');\nPopularModel.PopularModel();\nPopularModel.HomePage();",
              "err": {},
              "uuid": "b706ae88-f50e-4ff4-9e08-61bee0c62d38",
              "parentUUID": "7e0ebfd4-54b8-4744-a426-147a89a445bf",
              "isHook": false,
              "skipped": false
            },
            {
              "title": "Click on overall rating",
              "fullTitle": "Home page Click on overall rating",
              "timedOut": null,
              "duration": 1796,
              "state": "passed",
              "speed": "slow",
              "pass": true,
              "fail": false,
              "pending": false,
              "context": null,
              "code": "const overallRating = new _home.default();\noverallRating.OverallRating();\ncy.url().should('include', '/overall');\noverallRating.Overall();",
              "err": {},
              "uuid": "fed6ead8-dc76-43aa-9058-1bf0084b2645",
              "parentUUID": "7e0ebfd4-54b8-4744-a426-147a89a445bf",
              "isHook": false,
              "skipped": false
            },
            {
              "title": "Check vote button enabled only when user logged in and not voted earlier",
              "fullTitle": "Home page Check vote button enabled only when user logged in and not voted earlier",
              "timedOut": null,
              "duration": 4534,
              "state": "passed",
              "speed": "slow",
              "pass": true,
              "fail": false,
              "pending": false,
              "context": null,
              "code": "const overallRating = new _home.default();\ncy.login(this.data.register.username, this.data.register.password);\noverallRating.HomePage();\noverallRating.OverallRating();\ncy.contains('a', 'View more').click();\ncy.contains('button', 'Vote').should('be.visible');",
              "err": {},
              "uuid": "49807f4e-3fbe-4e6c-a3e3-3701ec22f716",
              "parentUUID": "7e0ebfd4-54b8-4744-a426-147a89a445bf",
              "isHook": false,
              "skipped": false
            }
          ],
          "suites": [],
          "passes": [
            "c9933c91-de41-4442-bb65-f770f748820d",
            "b706ae88-f50e-4ff4-9e08-61bee0c62d38",
            "fed6ead8-dc76-43aa-9058-1bf0084b2645",
            "49807f4e-3fbe-4e6c-a3e3-3701ec22f716"
          ],
          "failures": [],
          "pending": [],
          "skipped": [],
          "duration": 11851,
          "root": false,
          "rootEmpty": false,
          "_timeout": 2000
        }
      ],
      "passes": [],
      "failures": [],
      "pending": [],
      "skipped": [],
      "duration": 0,
      "root": true,
      "rootEmpty": true,
      "_timeout": 2000
    }
  ],
  "meta": {
    "mocha": {
      "version": "7.0.1"
    },
    "mochawesome": {
      "options": {
        "quiet": false,
        "reportFilename": "report",
        "saveHtml": true,
        "saveJson": true,
        "consoleReporter": "spec",
        "useInlineDiffs": false,
        "code": true
      },
      "version": "6.2.2"
    },
    "marge": {
      "options": {
        "reportDir": "cypress/reports",
        "reportFilename": "report",
        "overwrite": false,
        "html": true,
        "json": true,
        "charts": true
      },
      "version": "5.2.0"
    }
  }
}