{
  "stats": {
    "suites": 1,
    "tests": 2,
    "passes": 2,
    "pending": 0,
    "failures": 0,
    "start": "2021-08-26T19:44:59.014Z",
    "end": "2021-08-26T19:45:08.160Z",
    "duration": 9146,
    "testsRegistered": 2,
    "passPercent": 100,
    "pendingPercent": 0,
    "other": 0,
    "hasOther": false,
    "skipped": 0,
    "hasSkipped": false
  },
  "results": [
    {
      "uuid": "a6773c8a-fee8-4645-abf0-3faff2ec0764",
      "title": "",
      "fullFile": "cypress/integration/Buggytests/profilepom.spec.js",
      "file": "cypress/integration/Buggytests/profilepom.spec.js",
      "beforeHooks": [],
      "afterHooks": [],
      "tests": [],
      "suites": [
        {
          "uuid": "29bf16dd-b949-40f5-adfd-7017cb1c2f89",
          "title": "Profile",
          "fullFile": "",
          "file": "",
          "beforeHooks": [],
          "afterHooks": [],
          "tests": [
            {
              "title": "Check profile",
              "fullTitle": "Profile Check profile",
              "timedOut": null,
              "duration": 4155,
              "state": "passed",
              "speed": "slow",
              "pass": true,
              "fail": false,
              "pending": false,
              "context": null,
              "code": "const profile = new _profile.default();\ncy.login(this.data.register.username, this.data.register.password);\ncy.contains('li', 'Hi', +this.data.register.firstname).should('be.visible');\ncy.contains('a', 'Profile').click();\ncy.url().should('include', '/profile');\nprofile.Gender('Female');\nprofile.Age('30');\ncy.clickButton('Save');\ncy.contains('a', 'Profile').click();\ncy.get('#gender').should('have.value', 'Female');\ncy.get('#age').should('have.value', '30');\ncy.get('#gender').clear();\ncy.get('#age').clear();\ncy.clickButton('Save');",
              "err": {},
              "uuid": "7aed68f6-f62a-4b52-b8cd-3fd9a593ec71",
              "parentUUID": "29bf16dd-b949-40f5-adfd-7017cb1c2f89",
              "isHook": false,
              "skipped": false
            },
            {
              "title": "Check hobby",
              "fullTitle": "Profile Check hobby",
              "timedOut": null,
              "duration": 3704,
              "state": "passed",
              "speed": "slow",
              "pass": true,
              "fail": false,
              "pending": false,
              "context": null,
              "code": "cy.login(this.data.register.username, this.data.register.password);\ncy.contains('li', 'Hi', +this.data.register.firstname).should('be.visible');\ncy.contains('a', 'Profile').click();\ncy.checkHobby();",
              "err": {},
              "uuid": "0f7aa249-aa0c-4c6b-85cb-48ef5c94d1e1",
              "parentUUID": "29bf16dd-b949-40f5-adfd-7017cb1c2f89",
              "isHook": false,
              "skipped": false
            }
          ],
          "suites": [],
          "passes": [
            "7aed68f6-f62a-4b52-b8cd-3fd9a593ec71",
            "0f7aa249-aa0c-4c6b-85cb-48ef5c94d1e1"
          ],
          "failures": [],
          "pending": [],
          "skipped": [],
          "duration": 7859,
          "root": false,
          "rootEmpty": false,
          "_timeout": 2000
        }
      ],
      "passes": [],
      "failures": [],
      "pending": [],
      "skipped": [],
      "duration": 0,
      "root": true,
      "rootEmpty": true,
      "_timeout": 2000
    }
  ],
  "meta": {
    "mocha": {
      "version": "7.0.1"
    },
    "mochawesome": {
      "options": {
        "quiet": false,
        "reportFilename": "report",
        "saveHtml": true,
        "saveJson": true,
        "consoleReporter": "spec",
        "useInlineDiffs": false,
        "code": true
      },
      "version": "6.2.2"
    },
    "marge": {
      "options": {
        "reportDir": "cypress/reports",
        "reportFilename": "report",
        "overwrite": false,
        "html": true,
        "json": true,
        "charts": true
      },
      "version": "5.2.0"
    }
  }
}