{
  "stats": {
    "suites": 2,
    "tests": 9,
    "passes": 9,
    "pending": 0,
    "failures": 0,
    "start": "2021-08-26T19:30:51.179Z",
    "end": "2021-08-26T19:31:15.923Z",
    "duration": 24744,
    "testsRegistered": 9,
    "passPercent": 100,
    "pendingPercent": 0,
    "other": 0,
    "hasOther": false,
    "skipped": 0,
    "hasSkipped": false
  },
  "results": [
    {
      "uuid": "c0526a96-e303-46c1-8162-fda3cf93f5fe",
      "title": "",
      "fullFile": "cypress/integration/Buggytests/registerpom.spec.js",
      "file": "cypress/integration/Buggytests/registerpom.spec.js",
      "beforeHooks": [],
      "afterHooks": [],
      "tests": [],
      "suites": [
        {
          "uuid": "249ba72b-fd44-4828-9684-095eb9c1cf41",
          "title": "Register User",
          "fullFile": "",
          "file": "",
          "beforeHooks": [],
          "afterHooks": [],
          "tests": [
            {
              "title": "Valid Registration",
              "fullTitle": "Register User Valid Registration",
              "timedOut": null,
              "duration": 3715,
              "state": "passed",
              "speed": "slow",
              "pass": true,
              "fail": false,
              "pending": false,
              "context": null,
              "code": "const register = new _register.default();\nregister.registerbtn();\ncy.generateRandomString(10).then(data => {\n  register.fillUserName(data);\n  register.fillFirstName(data);\n  register.fillLastName(data);\n});\nregister.fillPassword('Test1234!');\nregister.fillConfirmPassword('Test1234!');\ncy.clickButton('Register');\ncy.contains('Registration is successful').should('be.visible');\ncy.Button('Cancel');\ncy.contains('a', 'Buggy Rating').should('be.visible');",
              "err": {},
              "uuid": "702c9e12-a667-4bac-a939-74c1708f11a0",
              "parentUUID": "249ba72b-fd44-4828-9684-095eb9c1cf41",
              "isHook": false,
              "skipped": false
            },
            {
              "title": "Check Login cannot be more than 50 characters long",
              "fullTitle": "Register User Check Login cannot be more than 50 characters long",
              "timedOut": null,
              "duration": 1942,
              "state": "passed",
              "speed": "slow",
              "pass": true,
              "fail": false,
              "pending": false,
              "context": null,
              "code": "const register = new _register.default();\nregister.registerbtn();\ncy.generateRandomString(60).then(data => {\n  register.fillUserName(data);\n  cy.contains('Login cannot be more than 50 characters long').should('be.visible');\n});\ncy.Button('Cancel');",
              "err": {},
              "uuid": "52113a5f-07e5-4c1b-a463-3458692125ed",
              "parentUUID": "249ba72b-fd44-4828-9684-095eb9c1cf41",
              "isHook": false,
              "skipped": false
            },
            {
              "title": "Check registration form validation",
              "fullTitle": "Register User Check registration form validation",
              "timedOut": null,
              "duration": 2526,
              "state": "passed",
              "speed": "slow",
              "pass": true,
              "fail": false,
              "pending": false,
              "context": null,
              "code": "const register = new _register.default();\nregister.registerbtn();\nregister.fillUserName('HI');\ncy.get('#username').clear();\ncy.contains('Login is required').should('be.visible');\nregister.fillFirstName('test');\ncy.get('#firstName').clear();\ncy.contains('First Name is required').should('be.visible');\nregister.fillLastName('data');\ncy.get('#lastName').clear(); //cy.contains('Last Name is required').should('be.visible')\nregister.fillPassword('Test1234!');\ncy.get('#password').clear();\ncy.contains('Password is required').should('be.visible');\nregister.fillConfirmPassword('Test1234!');\ncy.get('#confirmPassword').clear();\ncy.contains('Passwords do not match').should('be.visible');",
              "err": {},
              "uuid": "db61142f-6409-4c61-920d-5569f7e34ead",
              "parentUUID": "249ba72b-fd44-4828-9684-095eb9c1cf41",
              "isHook": false,
              "skipped": false
            },
            {
              "title": "User already exist",
              "fullTitle": "Register User User already exist",
              "timedOut": null,
              "duration": 2761,
              "state": "passed",
              "speed": "slow",
              "pass": true,
              "fail": false,
              "pending": false,
              "context": null,
              "code": "const register = new _register.default();\nregister.registerbtn();\nregister.fillUserName(this.data.register.username);\nregister.fillFirstName('test');\nregister.fillLastName('data');\nregister.fillPassword('Tes1234!');\nregister.fillConfirmPassword('Tes1234!');\ncy.clickButton('Register');\ncy.contains('UsernameExistsException: User already exists').should('be.visible');\ncy.Button('Cancel');\ncy.contains('a', 'Buggy Rating').should('be.visible');",
              "err": {},
              "uuid": "eed019e2-8e5d-4abc-980a-488c905370fd",
              "parentUUID": "249ba72b-fd44-4828-9684-095eb9c1cf41",
              "isHook": false,
              "skipped": false
            }
          ],
          "suites": [
            {
              "uuid": "6b767ee0-f210-473c-b213-c316bcb9a1b1",
              "title": "Password Validation",
              "fullFile": "",
              "file": "",
              "beforeHooks": [],
              "afterHooks": [],
              "tests": [
                {
                  "title": "Invalid password length",
                  "fullTitle": "Register User Password Validation Invalid password length",
                  "timedOut": null,
                  "duration": 2211,
                  "state": "passed",
                  "speed": "slow",
                  "pass": true,
                  "fail": false,
                  "pending": false,
                  "context": null,
                  "code": "const register = new _register.default();\nregister.registerbtn();\nregister.fillUserName('HI');\nregister.fillFirstName('test');\nregister.fillLastName('data');\nregister.fillPassword('test');\nregister.fillConfirmPassword('test');\ncy.clickButton('Register');\ncy.contains(\"InvalidParameter: 1 validation error(s) found.\").should('be.visible');\ncy.contains(\"- minimum field size of 6, SignUpInput.Password.\").should('be.visible');",
                  "err": {},
                  "uuid": "0e648399-a183-4f96-8bc8-dd7272fd4296",
                  "parentUUID": "6b767ee0-f210-473c-b213-c316bcb9a1b1",
                  "isHook": false,
                  "skipped": false
                },
                {
                  "title": "Password lowercase",
                  "fullTitle": "Register User Password Validation Password lowercase",
                  "timedOut": null,
                  "duration": 2437,
                  "state": "passed",
                  "speed": "slow",
                  "pass": true,
                  "fail": false,
                  "pending": false,
                  "context": null,
                  "code": "const register = new _register.default();\nregister.registerbtn();\nregister.fillUserName('HI');\nregister.fillFirstName('test');\nregister.fillLastName('data');\nregister.fillPassword('TEST1234!');\nregister.fillConfirmPassword('TEST1234!');\ncy.clickButton('Register');\ncy.contains('InvalidPasswordException: Password did not conform with policy: Password must have lowercase characters').should('be.visible');",
                  "err": {},
                  "uuid": "569e2517-4c3a-45e8-95b4-86d10dc12824",
                  "parentUUID": "6b767ee0-f210-473c-b213-c316bcb9a1b1",
                  "isHook": false,
                  "skipped": false
                },
                {
                  "title": "Password not long enough",
                  "fullTitle": "Register User Password Validation Password not long enough",
                  "timedOut": null,
                  "duration": 2256,
                  "state": "passed",
                  "speed": "slow",
                  "pass": true,
                  "fail": false,
                  "pending": false,
                  "context": null,
                  "code": "const register = new _register.default();\nregister.registerbtn();\nregister.fillUserName('HI');\nregister.fillFirstName('test');\nregister.fillLastName('data');\nregister.fillPassword('tes@12');\nregister.fillConfirmPassword('tes@12');\ncy.clickButton('Register');\ncy.contains('InvalidPasswordException: Password did not conform with policy: Password not long enough').should('be.visible');",
                  "err": {},
                  "uuid": "b60d1065-2a05-41c9-bc7b-01ac72ac5097",
                  "parentUUID": "6b767ee0-f210-473c-b213-c316bcb9a1b1",
                  "isHook": false,
                  "skipped": false
                },
                {
                  "title": "Password special characters",
                  "fullTitle": "Register User Password Validation Password special characters",
                  "timedOut": null,
                  "duration": 2093,
                  "state": "passed",
                  "speed": "slow",
                  "pass": true,
                  "fail": false,
                  "pending": false,
                  "context": null,
                  "code": "const register = new _register.default();\nregister.registerbtn();\nregister.fillUserName('HI');\nregister.fillFirstName('test');\nregister.fillLastName('data');\nregister.fillPassword('tes12');\nregister.fillConfirmPassword('tes12');\ncy.clickButton('Register');\ncy.contains(\"InvalidParameter: 1 validation error(s) found.\").should('be.visible');\ncy.contains(\"- minimum field size of 6, SignUpInput.Password.\").should('be.visible');",
                  "err": {},
                  "uuid": "11023154-b2e3-4a97-af2c-232f1a104a1b",
                  "parentUUID": "6b767ee0-f210-473c-b213-c316bcb9a1b1",
                  "isHook": false,
                  "skipped": false
                },
                {
                  "title": "Password Uppercase",
                  "fullTitle": "Register User Password Validation Password Uppercase",
                  "timedOut": null,
                  "duration": 2409,
                  "state": "passed",
                  "speed": "slow",
                  "pass": true,
                  "fail": false,
                  "pending": false,
                  "context": null,
                  "code": "const register = new _register.default();\nregister.registerbtn();\nregister.fillUserName('HI');\nregister.fillFirstName('test');\nregister.fillLastName('data');\nregister.fillPassword('test1234!');\nregister.fillConfirmPassword('test1234!');\ncy.clickButton('Register');\ncy.contains('InvalidPasswordException: Password did not conform with policy: Password must have uppercase characters').should('be.visible');",
                  "err": {},
                  "uuid": "91446a3c-1a20-4af1-b591-98eb17b285bf",
                  "parentUUID": "6b767ee0-f210-473c-b213-c316bcb9a1b1",
                  "isHook": false,
                  "skipped": false
                }
              ],
              "suites": [],
              "passes": [
                "0e648399-a183-4f96-8bc8-dd7272fd4296",
                "569e2517-4c3a-45e8-95b4-86d10dc12824",
                "b60d1065-2a05-41c9-bc7b-01ac72ac5097",
                "11023154-b2e3-4a97-af2c-232f1a104a1b",
                "91446a3c-1a20-4af1-b591-98eb17b285bf"
              ],
              "failures": [],
              "pending": [],
              "skipped": [],
              "duration": 11406,
              "root": false,
              "rootEmpty": false,
              "_timeout": 2000
            }
          ],
          "passes": [
            "702c9e12-a667-4bac-a939-74c1708f11a0",
            "52113a5f-07e5-4c1b-a463-3458692125ed",
            "db61142f-6409-4c61-920d-5569f7e34ead",
            "eed019e2-8e5d-4abc-980a-488c905370fd"
          ],
          "failures": [],
          "pending": [],
          "skipped": [],
          "duration": 10944,
          "root": false,
          "rootEmpty": false,
          "_timeout": 2000
        }
      ],
      "passes": [],
      "failures": [],
      "pending": [],
      "skipped": [],
      "duration": 0,
      "root": true,
      "rootEmpty": true,
      "_timeout": 2000
    }
  ],
  "meta": {
    "mocha": {
      "version": "7.0.1"
    },
    "mochawesome": {
      "options": {
        "quiet": false,
        "reportFilename": "report",
        "saveHtml": true,
        "saveJson": true,
        "consoleReporter": "spec",
        "useInlineDiffs": false,
        "code": true
      },
      "version": "6.2.2"
    },
    "marge": {
      "options": {
        "reportDir": "cypress/reports",
        "reportFilename": "report",
        "overwrite": false,
        "html": true,
        "json": true,
        "charts": true
      },
      "version": "5.2.0"
    }
  }
}