{
  "stats": {
    "suites": 1,
    "tests": 2,
    "passes": 2,
    "pending": 0,
    "failures": 0,
    "start": "2021-08-26T19:30:37.112Z",
    "end": "2021-08-26T19:30:48.406Z",
    "duration": 11294,
    "testsRegistered": 2,
    "passPercent": 100,
    "pendingPercent": 0,
    "other": 0,
    "hasOther": false,
    "skipped": 0,
    "hasSkipped": false
  },
  "results": [
    {
      "uuid": "e578c091-292e-41cd-a2d4-47d0466e4273",
      "title": "",
      "fullFile": "cypress/integration/Buggytests/profilepom.spec.js",
      "file": "cypress/integration/Buggytests/profilepom.spec.js",
      "beforeHooks": [],
      "afterHooks": [],
      "tests": [],
      "suites": [
        {
          "uuid": "e6485d45-a1e9-4c77-8101-850b04b5000e",
          "title": "Profile",
          "fullFile": "",
          "file": "",
          "beforeHooks": [],
          "afterHooks": [],
          "tests": [
            {
              "title": "Check profile",
              "fullTitle": "Profile Check profile",
              "timedOut": null,
              "duration": 4462,
              "state": "passed",
              "speed": "slow",
              "pass": true,
              "fail": false,
              "pending": false,
              "context": null,
              "code": "const profile = new _profile.default();\ncy.login(this.data.register.username, this.data.register.password);\ncy.contains('li', 'Hi', +this.data.register.firstname).should('be.visible');\ncy.contains('a', 'Profile').click();\ncy.url().should('include', '/profile');\nprofile.Gender('Female');\nprofile.Age('30');\ncy.clickButton('Save');\ncy.contains('a', 'Profile').click();\ncy.get('#gender').should('have.value', 'Female');\ncy.get('#age').should('have.value', '30');\ncy.get('#gender').clear();\ncy.get('#age').clear();\ncy.clickButton('Save');",
              "err": {},
              "uuid": "ce719fcf-b703-4ec5-80ce-e2f83a023fd8",
              "parentUUID": "e6485d45-a1e9-4c77-8101-850b04b5000e",
              "isHook": false,
              "skipped": false
            },
            {
              "title": "Check hobby",
              "fullTitle": "Profile Check hobby",
              "timedOut": null,
              "duration": 4410,
              "state": "passed",
              "speed": "slow",
              "pass": true,
              "fail": false,
              "pending": false,
              "context": null,
              "code": "cy.login(this.data.register.username, this.data.register.password);\ncy.contains('li', 'Hi', +this.data.register.firstname).should('be.visible');\ncy.contains('a', 'Profile').click();\ncy.checkHobby();",
              "err": {},
              "uuid": "3d5ba3a3-b1a8-4a4e-b160-ba3c92f1a1f6",
              "parentUUID": "e6485d45-a1e9-4c77-8101-850b04b5000e",
              "isHook": false,
              "skipped": false
            }
          ],
          "suites": [],
          "passes": [
            "ce719fcf-b703-4ec5-80ce-e2f83a023fd8",
            "3d5ba3a3-b1a8-4a4e-b160-ba3c92f1a1f6"
          ],
          "failures": [],
          "pending": [],
          "skipped": [],
          "duration": 8872,
          "root": false,
          "rootEmpty": false,
          "_timeout": 2000
        }
      ],
      "passes": [],
      "failures": [],
      "pending": [],
      "skipped": [],
      "duration": 0,
      "root": true,
      "rootEmpty": true,
      "_timeout": 2000
    }
  ],
  "meta": {
    "mocha": {
      "version": "7.0.1"
    },
    "mochawesome": {
      "options": {
        "quiet": false,
        "reportFilename": "report",
        "saveHtml": true,
        "saveJson": true,
        "consoleReporter": "spec",
        "useInlineDiffs": false,
        "code": true
      },
      "version": "6.2.2"
    },
    "marge": {
      "options": {
        "reportDir": "cypress/reports",
        "reportFilename": "report",
        "overwrite": false,
        "html": true,
        "json": true,
        "charts": true
      },
      "version": "5.2.0"
    }
  }
}