{
  "stats": {
    "suites": 1,
    "tests": 4,
    "passes": 4,
    "pending": 0,
    "failures": 0,
    "start": "2021-08-26T19:56:19.079Z",
    "end": "2021-08-26T19:56:31.506Z",
    "duration": 12427,
    "testsRegistered": 4,
    "passPercent": 100,
    "pendingPercent": 0,
    "other": 0,
    "hasOther": false,
    "skipped": 0,
    "hasSkipped": false
  },
  "results": [
    {
      "uuid": "278d5fcb-6aa6-4a2b-beaa-bb54d9bdab59",
      "title": "",
      "fullFile": "cypress/integration/Buggytests/votespom.spec.js",
      "file": "cypress/integration/Buggytests/votespom.spec.js",
      "beforeHooks": [],
      "afterHooks": [],
      "tests": [],
      "suites": [
        {
          "uuid": "00ea22bb-f8eb-4968-b228-fc20c810cd18",
          "title": "Home page",
          "fullFile": "",
          "file": "",
          "beforeHooks": [],
          "afterHooks": [],
          "tests": [
            {
              "title": "Click on popular make",
              "fullTitle": "Home page Click on popular make",
              "timedOut": null,
              "duration": 1914,
              "state": "passed",
              "speed": "slow",
              "pass": true,
              "fail": false,
              "pending": false,
              "context": null,
              "code": "const PopularMake = new _home.default();\nPopularMake.PopularMake();\ncy.scrollTo('center');\nPopularMake.Make();\ncy.url().should('include', '/make');",
              "err": {},
              "uuid": "c237dafc-19cd-47a9-991a-e2182ce93251",
              "parentUUID": "00ea22bb-f8eb-4968-b228-fc20c810cd18",
              "isHook": false,
              "skipped": false
            },
            {
              "title": "Click on popular model",
              "fullTitle": "Home page Click on popular model",
              "timedOut": null,
              "duration": 2805,
              "state": "passed",
              "speed": "slow",
              "pass": true,
              "fail": false,
              "pending": false,
              "context": null,
              "code": "const PopularModel = new _home.default();\nPopularModel.PopularModel();\ncy.url().should('include', '/model');\nPopularModel.Model();\ncy.contains('You need to be logged in to vote.').should('be.visible');\nPopularModel.PopularModel();\nPopularModel.HomePage();",
              "err": {},
              "uuid": "d765be08-78e6-4ddf-a93c-2cf3b4a52571",
              "parentUUID": "00ea22bb-f8eb-4968-b228-fc20c810cd18",
              "isHook": false,
              "skipped": false
            },
            {
              "title": "Click on overall rating",
              "fullTitle": "Home page Click on overall rating",
              "timedOut": null,
              "duration": 1628,
              "state": "passed",
              "speed": "slow",
              "pass": true,
              "fail": false,
              "pending": false,
              "context": null,
              "code": "const overallRating = new _home.default();\noverallRating.OverallRating();\ncy.url().should('include', '/overall');\noverallRating.Overall();",
              "err": {},
              "uuid": "f6c18677-437b-4a91-bc81-8b2cc003fe9a",
              "parentUUID": "00ea22bb-f8eb-4968-b228-fc20c810cd18",
              "isHook": false,
              "skipped": false
            },
            {
              "title": "Check vote button enabled only when user logged in and not voted earlier",
              "fullTitle": "Home page Check vote button enabled only when user logged in and not voted earlier",
              "timedOut": null,
              "duration": 4232,
              "state": "passed",
              "speed": "slow",
              "pass": true,
              "fail": false,
              "pending": false,
              "context": null,
              "code": "const overallRating = new _home.default();\ncy.login(this.data.register.username, this.data.register.password);\noverallRating.HomePage();\noverallRating.OverallRating();\ncy.contains('a', 'View more').click();\ncy.contains('button', 'Vote').should('be.visible');",
              "err": {},
              "uuid": "61b5028e-d7d9-4fd9-b3bb-0be1bbc5aa34",
              "parentUUID": "00ea22bb-f8eb-4968-b228-fc20c810cd18",
              "isHook": false,
              "skipped": false
            }
          ],
          "suites": [],
          "passes": [
            "c237dafc-19cd-47a9-991a-e2182ce93251",
            "d765be08-78e6-4ddf-a93c-2cf3b4a52571",
            "f6c18677-437b-4a91-bc81-8b2cc003fe9a",
            "61b5028e-d7d9-4fd9-b3bb-0be1bbc5aa34"
          ],
          "failures": [],
          "pending": [],
          "skipped": [],
          "duration": 10579,
          "root": false,
          "rootEmpty": false,
          "_timeout": 2000
        }
      ],
      "passes": [],
      "failures": [],
      "pending": [],
      "skipped": [],
      "duration": 0,
      "root": true,
      "rootEmpty": true,
      "_timeout": 2000
    }
  ],
  "meta": {
    "mocha": {
      "version": "7.0.1"
    },
    "mochawesome": {
      "options": {
        "quiet": false,
        "reportFilename": "report",
        "saveHtml": true,
        "saveJson": true,
        "consoleReporter": "spec",
        "useInlineDiffs": false,
        "code": true
      },
      "version": "6.2.2"
    },
    "marge": {
      "options": {
        "reportDir": "cypress/reports",
        "reportFilename": "report",
        "overwrite": false,
        "html": true,
        "json": true,
        "charts": true
      },
      "version": "5.2.0"
    }
  }
}