{
  "stats": {
    "suites": 1,
    "tests": 2,
    "passes": 2,
    "pending": 0,
    "failures": 0,
    "start": "2021-08-27T00:12:59.419Z",
    "end": "2021-08-27T00:13:08.871Z",
    "duration": 9452,
    "testsRegistered": 2,
    "passPercent": 100,
    "pendingPercent": 0,
    "other": 0,
    "hasOther": false,
    "skipped": 0,
    "hasSkipped": false
  },
  "results": [
    {
      "uuid": "2f4c5efe-df8b-4218-910e-2f0da93b78fd",
      "title": "",
      "fullFile": "cypress/integration/Buggytests/profilepage.spec.js",
      "file": "cypress/integration/Buggytests/profilepage.spec.js",
      "beforeHooks": [],
      "afterHooks": [],
      "tests": [],
      "suites": [
        {
          "uuid": "70126cda-f46f-4649-bbd3-0e3a0ac39b7e",
          "title": "Profile",
          "fullFile": "",
          "file": "",
          "beforeHooks": [],
          "afterHooks": [],
          "tests": [
            {
              "title": "Check profile",
              "fullTitle": "Profile Check profile",
              "timedOut": null,
              "duration": 3482,
              "state": "passed",
              "speed": "slow",
              "pass": true,
              "fail": false,
              "pending": false,
              "context": null,
              "code": "const profile = new _profile.default();\ncy.login(this.data.register.username, this.data.register.password);\ncy.contains('li', 'Hi', +this.data.register.firstname).should('be.visible');\ncy.contains('a', 'Profile').click();\ncy.url().should('include', '/profile');\nprofile.Gender('Female');\nprofile.Age('30');\ncy.clickButton('Save');\ncy.contains('a', 'Profile').click();\ncy.get('#gender').should('have.value', 'Female');\ncy.get('#age').should('have.value', '30');\ncy.get('#gender').clear();\ncy.get('#age').clear();\ncy.clickButton('Save');",
              "err": {},
              "uuid": "f442776d-b7af-4815-bc13-ddede8ef2acf",
              "parentUUID": "70126cda-f46f-4649-bbd3-0e3a0ac39b7e",
              "isHook": false,
              "skipped": false
            },
            {
              "title": "Check hobby",
              "fullTitle": "Profile Check hobby",
              "timedOut": null,
              "duration": 3712,
              "state": "passed",
              "speed": "slow",
              "pass": true,
              "fail": false,
              "pending": false,
              "context": null,
              "code": "cy.login(this.data.register.username, this.data.register.password);\ncy.contains('li', 'Hi', +this.data.register.firstname).should('be.visible');\ncy.contains('a', 'Profile').click();\ncy.checkHobby();",
              "err": {},
              "uuid": "6dcb482b-99ad-48ce-b747-2e26dc0290f6",
              "parentUUID": "70126cda-f46f-4649-bbd3-0e3a0ac39b7e",
              "isHook": false,
              "skipped": false
            }
          ],
          "suites": [],
          "passes": [
            "f442776d-b7af-4815-bc13-ddede8ef2acf",
            "6dcb482b-99ad-48ce-b747-2e26dc0290f6"
          ],
          "failures": [],
          "pending": [],
          "skipped": [],
          "duration": 7194,
          "root": false,
          "rootEmpty": false,
          "_timeout": 2000
        }
      ],
      "passes": [],
      "failures": [],
      "pending": [],
      "skipped": [],
      "duration": 0,
      "root": true,
      "rootEmpty": true,
      "_timeout": 2000
    }
  ],
  "meta": {
    "mocha": {
      "version": "7.0.1"
    },
    "mochawesome": {
      "options": {
        "quiet": false,
        "reportFilename": "report",
        "saveHtml": true,
        "saveJson": true,
        "consoleReporter": "spec",
        "useInlineDiffs": false,
        "code": true
      },
      "version": "6.2.2"
    },
    "marge": {
      "options": {
        "reportDir": "cypress/reports",
        "reportFilename": "report",
        "overwrite": false,
        "html": true,
        "json": true,
        "charts": true
      },
      "version": "5.2.0"
    }
  }
}