{
  "stats": {
    "suites": 1,
    "tests": 2,
    "passes": 2,
    "pending": 0,
    "failures": 0,
    "start": "2022-03-03T07:57:15.971Z",
    "end": "2022-03-03T07:57:19.906Z",
    "duration": 3935,
    "testsRegistered": 2,
    "passPercent": 100,
    "pendingPercent": 0,
    "other": 0,
    "hasOther": false,
    "skipped": 0,
    "hasSkipped": false
  },
  "results": [
    {
      "uuid": "614623cd-7587-4753-974c-b0fddf1f6362",
      "title": "",
      "fullFile": "cypress/integration/Buggytests/loginpage.spec.js",
      "file": "cypress/integration/Buggytests/loginpage.spec.js",
      "beforeHooks": [],
      "afterHooks": [],
      "tests": [],
      "suites": [
        {
          "uuid": "7f6bbd62-1c0e-47cd-9175-c65b3d5cac2a",
          "title": "Login",
          "fullFile": "",
          "file": "",
          "beforeHooks": [],
          "afterHooks": [],
          "tests": [
            {
              "title": "Valid login Test",
              "fullTitle": "Login Valid login Test",
              "timedOut": null,
              "duration": 1779,
              "state": "passed",
              "speed": "slow",
              "pass": true,
              "fail": false,
              "pending": false,
              "context": null,
              "code": "cy.login(this.data.register.username, this.data.register.password);\ncy.contains('li', 'Hi', +this.data.register.firstname).should('be.visible');\ncy.contains('a', 'Logout').click();",
              "err": {},
              "uuid": "13061ff4-f8e3-4601-bb84-0a57a56b572f",
              "parentUUID": "7f6bbd62-1c0e-47cd-9175-c65b3d5cac2a",
              "isHook": false,
              "skipped": false
            },
            {
              "title": "Invalid login Test",
              "fullTitle": "Login Invalid login Test",
              "timedOut": null,
              "duration": 1060,
              "state": "passed",
              "speed": "slow",
              "pass": true,
              "fail": false,
              "pending": false,
              "context": null,
              "code": "const randomstring = cy.generateRandomString;\ncy.generateRandomString(10).then(login => {\n  cy.login(login, login);\n  cy.contains('Invalid username/password').should('be.visible');\n});",
              "err": {},
              "uuid": "56ae877b-8eed-4a6e-b0e9-a2f9bb7d56c7",
              "parentUUID": "7f6bbd62-1c0e-47cd-9175-c65b3d5cac2a",
              "isHook": false,
              "skipped": false
            }
          ],
          "suites": [],
          "passes": [
            "13061ff4-f8e3-4601-bb84-0a57a56b572f",
            "56ae877b-8eed-4a6e-b0e9-a2f9bb7d56c7"
          ],
          "failures": [],
          "pending": [],
          "skipped": [],
          "duration": 2839,
          "root": false,
          "rootEmpty": false,
          "_timeout": 2000
        }
      ],
      "passes": [],
      "failures": [],
      "pending": [],
      "skipped": [],
      "duration": 0,
      "root": true,
      "rootEmpty": true,
      "_timeout": 2000
    }
  ],
  "meta": {
    "mocha": {
      "version": "7.0.1"
    },
    "mochawesome": {
      "options": {
        "quiet": false,
        "reportFilename": "report",
        "saveHtml": true,
        "saveJson": true,
        "consoleReporter": "spec",
        "useInlineDiffs": false,
        "code": true
      },
      "version": "6.2.2"
    },
    "marge": {
      "options": {
        "reportDir": "cypress/reports",
        "reportFilename": "report",
        "overwrite": false,
        "html": true,
        "json": true,
        "charts": true
      },
      "version": "5.2.0"
    }
  }
}