{
  "stats": {
    "suites": 1,
    "tests": 4,
    "passes": 4,
    "pending": 0,
    "failures": 0,
    "start": "2021-08-26T19:56:03.346Z",
    "end": "2021-08-26T19:56:17.152Z",
    "duration": 13806,
    "testsRegistered": 4,
    "passPercent": 100,
    "pendingPercent": 0,
    "other": 0,
    "hasOther": false,
    "skipped": 0,
    "hasSkipped": false
  },
  "results": [
    {
      "uuid": "92e56138-0c9f-4a13-a18a-f19160d33306",
      "title": "",
      "fullFile": "cypress/integration/Buggytests/votes.spec.js",
      "file": "cypress/integration/Buggytests/votes.spec.js",
      "beforeHooks": [],
      "afterHooks": [],
      "tests": [],
      "suites": [
        {
          "uuid": "ad151eb9-970b-4418-a95d-a5bf35a0c3df",
          "title": "Votes script for buggycarr",
          "fullFile": "",
          "file": "",
          "beforeHooks": [],
          "afterHooks": [],
          "tests": [
            {
              "title": "Navigate to popular make",
              "fullTitle": "Votes script for buggycarr Navigate to popular make",
              "timedOut": null,
              "duration": 3882,
              "state": "passed",
              "speed": "slow",
              "pass": true,
              "fail": false,
              "pending": false,
              "context": null,
              "code": "cy.contains('h2', 'Popular Model').should('be.visible');\ncy.get('[src=\"/img/cars/Lamborghini-Logo.png\"]').click();\ncy.scrollTo('center');\ncy.contains('a', 'Model').should('be.visible');\ncy.contains('a', 'Rank').should('be.visible');\ncy.contains('a', 'Votes').should('be.visible');\ncy.get('.comments').contains('Comments').should('be.visible');\ncy.contains('a', 'Diablo').click();\ncy.url().should('include', '/model');\ncy.contains('You need to be logged in to vote.').should('be.visible');\ncy.get('[src=\"/img/cars/Lamborghini-Logo.png\"]').click();\ncy.url().should('include', '/make');",
              "err": {},
              "uuid": "be87a076-39e2-456e-b9a6-a5b7d247d4aa",
              "parentUUID": "ad151eb9-970b-4418-a95d-a5bf35a0c3df",
              "isHook": false,
              "skipped": false
            },
            {
              "title": "Navigate to popular model",
              "fullTitle": "Votes script for buggycarr Navigate to popular model",
              "timedOut": null,
              "duration": 2524,
              "state": "passed",
              "speed": "slow",
              "pass": true,
              "fail": false,
              "pending": false,
              "context": null,
              "code": "cy.contains('h2', 'Popular Make').should('be.visible');\ncy.get('[src=\"/img/cars/Diablo.jpg\"]').click();\ncy.contains('th', 'Date').should('be.visible');\ncy.contains('th', 'Author').should('be.visible');\ncy.contains('th', 'Comment').should('be.visible');\ncy.url().should('include', '/model');\ncy.contains('You need to be logged in to vote.').should('be.visible');\ncy.get('[src=\"/img/cars/Diablo.jpg\"]').click();\ncy.url().should('eql', 'https://buggy.justtestit.org/');",
              "err": {},
              "uuid": "e11ffe10-60f0-4a6b-8c2b-45f1bf66b2bd",
              "parentUUID": "ad151eb9-970b-4418-a95d-a5bf35a0c3df",
              "isHook": false,
              "skipped": false
            },
            {
              "title": "Navigate to overall rating",
              "fullTitle": "Votes script for buggycarr Navigate to overall rating",
              "timedOut": null,
              "duration": 2157,
              "state": "passed",
              "speed": "slow",
              "pass": true,
              "fail": false,
              "pending": false,
              "context": null,
              "code": "cy.contains('h2', 'Overall Rating').should('be.visible');\ncy.get('[src=\"/img/overall.jpg\"]').click();\ncy.url().should('include', '/overall');\ncy.contains('a', 'Model').should('be.visible');\ncy.contains('a', 'Rank').should('be.visible');\ncy.contains('a', 'Votes').should('be.visible');\ncy.contains('a', 'Engine').should('be.visible');\ncy.get('.comments').contains('Comments').should('be.visible');\ncy.contains('Lamborghini').click();\ncy.url().should('include', '/make');",
              "err": {},
              "uuid": "5e78476a-329b-4f20-8d60-52995ce02f6e",
              "parentUUID": "ad151eb9-970b-4418-a95d-a5bf35a0c3df",
              "isHook": false,
              "skipped": false
            },
            {
              "title": "Check vote button enabled only when user logged in and not voted earlier",
              "fullTitle": "Votes script for buggycarr Check vote button enabled only when user logged in and not voted earlier",
              "timedOut": null,
              "duration": 4004,
              "state": "passed",
              "speed": "slow",
              "pass": true,
              "fail": false,
              "pending": false,
              "context": null,
              "code": "cy.get(this.data.selector.inputLogin).type(this.data.register.username);\ncy.get(this.data.selector.inputPswd).type(this.data.register.password);\ncy.contains('button', 'Login').click();\ncy.contains('h2', 'Overall Rating').should('be.visible');\ncy.get('[src=\"/img/overall.jpg\"]').click();\ncy.url().should('include', '/overall');\ncy.contains('a', 'View more').click();\ncy.contains('button', 'Vote').should('be.visible');",
              "err": {},
              "uuid": "3a00c4d0-0d9e-4a41-9482-02d560338911",
              "parentUUID": "ad151eb9-970b-4418-a95d-a5bf35a0c3df",
              "isHook": false,
              "skipped": false
            }
          ],
          "suites": [],
          "passes": [
            "be87a076-39e2-456e-b9a6-a5b7d247d4aa",
            "e11ffe10-60f0-4a6b-8c2b-45f1bf66b2bd",
            "5e78476a-329b-4f20-8d60-52995ce02f6e",
            "3a00c4d0-0d9e-4a41-9482-02d560338911"
          ],
          "failures": [],
          "pending": [],
          "skipped": [],
          "duration": 12567,
          "root": false,
          "rootEmpty": false,
          "_timeout": 2000
        }
      ],
      "passes": [],
      "failures": [],
      "pending": [],
      "skipped": [],
      "duration": 0,
      "root": true,
      "rootEmpty": true,
      "_timeout": 2000
    }
  ],
  "meta": {
    "mocha": {
      "version": "7.0.1"
    },
    "mochawesome": {
      "options": {
        "quiet": false,
        "reportFilename": "report",
        "saveHtml": true,
        "saveJson": true,
        "consoleReporter": "spec",
        "useInlineDiffs": false,
        "code": true
      },
      "version": "6.2.2"
    },
    "marge": {
      "options": {
        "reportDir": "cypress/reports",
        "reportFilename": "report",
        "overwrite": false,
        "html": true,
        "json": true,
        "charts": true
      },
      "version": "5.2.0"
    }
  }
}