{
  "stats": {
    "suites": 1,
    "tests": 4,
    "passes": 4,
    "pending": 0,
    "failures": 0,
    "start": "2021-08-22T08:13:37.282Z",
    "end": "2021-08-22T08:13:57.951Z",
    "duration": 20669,
    "testsRegistered": 4,
    "passPercent": 100,
    "pendingPercent": 0,
    "other": 0,
    "hasOther": false,
    "skipped": 0,
    "hasSkipped": false
  },
  "results": [
    {
      "uuid": "a775cc26-fe18-4450-adbc-9e0571d1f0ec",
      "title": "",
      "fullFile": "cypress/integration/Buggytests/votes.spec.js",
      "file": "cypress/integration/Buggytests/votes.spec.js",
      "beforeHooks": [],
      "afterHooks": [],
      "tests": [],
      "suites": [
        {
          "uuid": "0b8c3177-0630-4811-a6ee-478cc39e7cea",
          "title": "Votes script for buggycarr",
          "fullFile": "",
          "file": "",
          "beforeHooks": [],
          "afterHooks": [],
          "tests": [
            {
              "title": "Navigate to popular make",
              "fullTitle": "Votes script for buggycarr Navigate to popular make",
              "timedOut": null,
              "duration": 6666,
              "state": "passed",
              "speed": "slow",
              "pass": true,
              "fail": false,
              "pending": false,
              "context": null,
              "code": "cy.contains('h2', 'Popular Model').should('be.visible');\ncy.get('[src=\"/img/cars/Lamborghini-Logo.png\"]').click();\ncy.scrollTo('center');\ncy.contains('a', 'Model').should('be.visible');\ncy.contains('a', 'Rank').should('be.visible');\ncy.contains('a', 'Votes').should('be.visible');\ncy.get('.comments').contains('Comments').should('be.visible');\ncy.contains('a', 'Diablo').click();\ncy.url().should('include', '/model');\ncy.contains('You need to be logged in to vote.').should('be.visible');\ncy.get('[src=\"/img/cars/Lamborghini-Logo.png\"]').click();\ncy.url().should('include', '/make');",
              "err": {},
              "uuid": "321e1a34-bcce-4d03-816c-15026deef600",
              "parentUUID": "0b8c3177-0630-4811-a6ee-478cc39e7cea",
              "isHook": false,
              "skipped": false
            },
            {
              "title": "Navigate to popular model",
              "fullTitle": "Votes script for buggycarr Navigate to popular model",
              "timedOut": null,
              "duration": 4093,
              "state": "passed",
              "speed": "slow",
              "pass": true,
              "fail": false,
              "pending": false,
              "context": null,
              "code": "cy.contains('h2', 'Popular Make').should('be.visible');\ncy.get('[src=\"/img/cars/Diablo.jpg\"]').click();\ncy.contains('th', 'Date').should('be.visible');\ncy.contains('th', 'Author').should('be.visible');\ncy.contains('th', 'Comment').should('be.visible');\ncy.url().should('include', '/model');\ncy.contains('You need to be logged in to vote.').should('be.visible');\ncy.get('[src=\"/img/cars/Diablo.jpg\"]').click();\ncy.url().should('eql', 'https://buggy.justtestit.org/');",
              "err": {},
              "uuid": "df3b6f63-01a8-4b77-8da4-e86ca8993eb2",
              "parentUUID": "0b8c3177-0630-4811-a6ee-478cc39e7cea",
              "isHook": false,
              "skipped": false
            },
            {
              "title": "Navigate to overall rating",
              "fullTitle": "Votes script for buggycarr Navigate to overall rating",
              "timedOut": null,
              "duration": 2902,
              "state": "passed",
              "speed": "slow",
              "pass": true,
              "fail": false,
              "pending": false,
              "context": null,
              "code": "cy.contains('h2', 'Overall Rating').should('be.visible');\ncy.get('[src=\"/img/overall.jpg\"]').click();\ncy.url().should('include', '/overall');\ncy.contains('a', 'Model').should('be.visible');\ncy.contains('a', 'Rank').should('be.visible');\ncy.contains('a', 'Votes').should('be.visible');\ncy.contains('a', 'Engine').should('be.visible');\ncy.get('.comments').contains('Comments').should('be.visible');\ncy.contains('Lamborghini').click();\ncy.url().should('include', '/make');",
              "err": {},
              "uuid": "bd336ac0-de3b-4f50-b615-fe757a8f7ffe",
              "parentUUID": "0b8c3177-0630-4811-a6ee-478cc39e7cea",
              "isHook": false,
              "skipped": false
            },
            {
              "title": "Check vote button enabled only when user logged in and not voted earlier",
              "fullTitle": "Votes script for buggycarr Check vote button enabled only when user logged in and not voted earlier",
              "timedOut": null,
              "duration": 4760,
              "state": "passed",
              "speed": "slow",
              "pass": true,
              "fail": false,
              "pending": false,
              "context": null,
              "code": "cy.get(this.data.selector.inputLogin).type(this.data.register.username);\ncy.get(this.data.selector.inputPswd).type(this.data.register.password);\ncy.contains('button', 'Login').click();\ncy.contains('h2', 'Overall Rating').should('be.visible');\ncy.get('[src=\"/img/overall.jpg\"]').click();\ncy.url().should('include', '/overall');\ncy.contains('a', 'View more').click();\ncy.contains('button', 'Vote').should('be.visible');",
              "err": {},
              "uuid": "ee28f5ff-34cb-4c83-9661-c046589c3d60",
              "parentUUID": "0b8c3177-0630-4811-a6ee-478cc39e7cea",
              "isHook": false,
              "skipped": false
            }
          ],
          "suites": [],
          "passes": [
            "321e1a34-bcce-4d03-816c-15026deef600",
            "df3b6f63-01a8-4b77-8da4-e86ca8993eb2",
            "bd336ac0-de3b-4f50-b615-fe757a8f7ffe",
            "ee28f5ff-34cb-4c83-9661-c046589c3d60"
          ],
          "failures": [],
          "pending": [],
          "skipped": [],
          "duration": 18421,
          "root": false,
          "rootEmpty": false,
          "_timeout": 2000
        }
      ],
      "passes": [],
      "failures": [],
      "pending": [],
      "skipped": [],
      "duration": 0,
      "root": true,
      "rootEmpty": true,
      "_timeout": 2000
    }
  ],
  "meta": {
    "mocha": {
      "version": "7.0.1"
    },
    "mochawesome": {
      "options": {
        "quiet": false,
        "reportFilename": "report",
        "saveHtml": true,
        "saveJson": true,
        "consoleReporter": "spec",
        "useInlineDiffs": false,
        "code": true
      },
      "version": "6.2.2"
    },
    "marge": {
      "options": {
        "reportDir": "cypress/reports",
        "reportFilename": "report",
        "overwrite": false,
        "html": true,
        "json": true,
        "charts": true
      },
      "version": "5.2.0"
    }
  }
}