{
  "stats": {
    "suites": 1,
    "tests": 4,
    "passes": 4,
    "pending": 0,
    "failures": 0,
    "start": "2021-08-22T08:14:02.513Z",
    "end": "2021-08-22T08:14:18.626Z",
    "duration": 16113,
    "testsRegistered": 4,
    "passPercent": 100,
    "pendingPercent": 0,
    "other": 0,
    "hasOther": false,
    "skipped": 0,
    "hasSkipped": false
  },
  "results": [
    {
      "uuid": "50ff6989-25f2-4358-bd63-c27714789e02",
      "title": "",
      "fullFile": "cypress/integration/Buggytests/votespom.spec.js",
      "file": "cypress/integration/Buggytests/votespom.spec.js",
      "beforeHooks": [],
      "afterHooks": [],
      "tests": [],
      "suites": [
        {
          "uuid": "0afa57b2-38fc-49cd-91dd-5d218a6b4f09",
          "title": "Home page",
          "fullFile": "",
          "file": "",
          "beforeHooks": [],
          "afterHooks": [],
          "tests": [
            {
              "title": "Click on popular make",
              "fullTitle": "Home page Click on popular make",
              "timedOut": null,
              "duration": 2384,
              "state": "passed",
              "speed": "slow",
              "pass": true,
              "fail": false,
              "pending": false,
              "context": null,
              "code": "const PopularMake = new _home.default();\nPopularMake.PopularMake();\ncy.scrollTo('center');\nPopularMake.Make();\ncy.url().should('include', '/make');",
              "err": {},
              "uuid": "bb1ed6b9-38aa-4774-a138-38cbafe5bb5f",
              "parentUUID": "0afa57b2-38fc-49cd-91dd-5d218a6b4f09",
              "isHook": false,
              "skipped": false
            },
            {
              "title": "Click on popular model",
              "fullTitle": "Home page Click on popular model",
              "timedOut": null,
              "duration": 3566,
              "state": "passed",
              "speed": "slow",
              "pass": true,
              "fail": false,
              "pending": false,
              "context": null,
              "code": "const PopularModel = new _home.default();\nPopularModel.PopularModel();\ncy.url().should('include', '/model');\nPopularModel.Model();\ncy.contains('You need to be logged in to vote.').should('be.visible');\nPopularModel.PopularModel();\nPopularModel.HomePage();",
              "err": {},
              "uuid": "690f53e6-b893-4073-ac58-bffc757ac69b",
              "parentUUID": "0afa57b2-38fc-49cd-91dd-5d218a6b4f09",
              "isHook": false,
              "skipped": false
            },
            {
              "title": "Click on overall rating",
              "fullTitle": "Home page Click on overall rating",
              "timedOut": null,
              "duration": 2016,
              "state": "passed",
              "speed": "slow",
              "pass": true,
              "fail": false,
              "pending": false,
              "context": null,
              "code": "const overallRating = new _home.default();\noverallRating.OverallRating();\ncy.url().should('include', '/overall');\noverallRating.Overall();",
              "err": {},
              "uuid": "74bb89fb-8da1-4396-9415-e4cfdcc71207",
              "parentUUID": "0afa57b2-38fc-49cd-91dd-5d218a6b4f09",
              "isHook": false,
              "skipped": false
            },
            {
              "title": "Check vote button enabled only when user logged in and not voted earlier",
              "fullTitle": "Home page Check vote button enabled only when user logged in and not voted earlier",
              "timedOut": null,
              "duration": 5130,
              "state": "passed",
              "speed": "slow",
              "pass": true,
              "fail": false,
              "pending": false,
              "context": null,
              "code": "const overallRating = new _home.default();\ncy.login(this.data.register.username, this.data.register.password);\noverallRating.HomePage();\noverallRating.OverallRating();\ncy.contains('a', 'View more').click();\ncy.contains('button', 'Vote').should('be.visible');",
              "err": {},
              "uuid": "59f0f833-bd65-42cd-88ed-5f94763d426a",
              "parentUUID": "0afa57b2-38fc-49cd-91dd-5d218a6b4f09",
              "isHook": false,
              "skipped": false
            }
          ],
          "suites": [],
          "passes": [
            "bb1ed6b9-38aa-4774-a138-38cbafe5bb5f",
            "690f53e6-b893-4073-ac58-bffc757ac69b",
            "74bb89fb-8da1-4396-9415-e4cfdcc71207",
            "59f0f833-bd65-42cd-88ed-5f94763d426a"
          ],
          "failures": [],
          "pending": [],
          "skipped": [],
          "duration": 13096,
          "root": false,
          "rootEmpty": false,
          "_timeout": 2000
        }
      ],
      "passes": [],
      "failures": [],
      "pending": [],
      "skipped": [],
      "duration": 0,
      "root": true,
      "rootEmpty": true,
      "_timeout": 2000
    }
  ],
  "meta": {
    "mocha": {
      "version": "7.0.1"
    },
    "mochawesome": {
      "options": {
        "quiet": false,
        "reportFilename": "report",
        "saveHtml": true,
        "saveJson": true,
        "consoleReporter": "spec",
        "useInlineDiffs": false,
        "code": true
      },
      "version": "6.2.2"
    },
    "marge": {
      "options": {
        "reportDir": "cypress/reports",
        "reportFilename": "report",
        "overwrite": false,
        "html": true,
        "json": true,
        "charts": true
      },
      "version": "5.2.0"
    }
  }
}