{
  "stats": {
    "suites": 1,
    "tests": 4,
    "passes": 4,
    "pending": 0,
    "failures": 0,
    "start": "2021-08-26T19:34:42.065Z",
    "end": "2021-08-26T19:34:56.630Z",
    "duration": 14565,
    "testsRegistered": 4,
    "passPercent": 100,
    "pendingPercent": 0,
    "other": 0,
    "hasOther": false,
    "skipped": 0,
    "hasSkipped": false
  },
  "results": [
    {
      "uuid": "6ec8338c-e32a-48bf-a151-148ea6402cbf",
      "title": "",
      "fullFile": "cypress/integration/Buggytests/votespom.spec.js",
      "file": "cypress/integration/Buggytests/votespom.spec.js",
      "beforeHooks": [],
      "afterHooks": [],
      "tests": [],
      "suites": [
        {
          "uuid": "5940607b-4d3b-4244-88bd-c3b8aab1c747",
          "title": "Home page",
          "fullFile": "",
          "file": "",
          "beforeHooks": [],
          "afterHooks": [],
          "tests": [
            {
              "title": "Click on popular make",
              "fullTitle": "Home page Click on popular make",
              "timedOut": null,
              "duration": 2147,
              "state": "passed",
              "speed": "slow",
              "pass": true,
              "fail": false,
              "pending": false,
              "context": null,
              "code": "const PopularMake = new _home.default();\nPopularMake.PopularMake();\ncy.scrollTo('center');\nPopularMake.Make();\ncy.url().should('include', '/make');",
              "err": {},
              "uuid": "c611c22e-50fb-4031-ad4f-30ac8d533958",
              "parentUUID": "5940607b-4d3b-4244-88bd-c3b8aab1c747",
              "isHook": false,
              "skipped": false
            },
            {
              "title": "Click on popular model",
              "fullTitle": "Home page Click on popular model",
              "timedOut": null,
              "duration": 3466,
              "state": "passed",
              "speed": "slow",
              "pass": true,
              "fail": false,
              "pending": false,
              "context": null,
              "code": "const PopularModel = new _home.default();\nPopularModel.PopularModel();\ncy.url().should('include', '/model');\nPopularModel.Model();\ncy.contains('You need to be logged in to vote.').should('be.visible');\nPopularModel.PopularModel();\nPopularModel.HomePage();",
              "err": {},
              "uuid": "07c58e20-66e7-4e1b-9c43-aecdc78a84fc",
              "parentUUID": "5940607b-4d3b-4244-88bd-c3b8aab1c747",
              "isHook": false,
              "skipped": false
            },
            {
              "title": "Click on overall rating",
              "fullTitle": "Home page Click on overall rating",
              "timedOut": null,
              "duration": 1657,
              "state": "passed",
              "speed": "slow",
              "pass": true,
              "fail": false,
              "pending": false,
              "context": null,
              "code": "const overallRating = new _home.default();\noverallRating.OverallRating();\ncy.url().should('include', '/overall');\noverallRating.Overall();",
              "err": {},
              "uuid": "a4c9d2b4-f177-4de0-975c-6860d6ce3dbe",
              "parentUUID": "5940607b-4d3b-4244-88bd-c3b8aab1c747",
              "isHook": false,
              "skipped": false
            },
            {
              "title": "Check vote button enabled only when user logged in and not voted earlier",
              "fullTitle": "Home page Check vote button enabled only when user logged in and not voted earlier",
              "timedOut": null,
              "duration": 5073,
              "state": "passed",
              "speed": "slow",
              "pass": true,
              "fail": false,
              "pending": false,
              "context": null,
              "code": "const overallRating = new _home.default();\ncy.login(this.data.register.username, this.data.register.password);\noverallRating.HomePage();\noverallRating.OverallRating();\ncy.contains('a', 'View more').click();\ncy.contains('button', 'Vote').should('be.visible');",
              "err": {},
              "uuid": "184bbfa3-1ef1-44e2-8079-bada03bb7b29",
              "parentUUID": "5940607b-4d3b-4244-88bd-c3b8aab1c747",
              "isHook": false,
              "skipped": false
            }
          ],
          "suites": [],
          "passes": [
            "c611c22e-50fb-4031-ad4f-30ac8d533958",
            "07c58e20-66e7-4e1b-9c43-aecdc78a84fc",
            "a4c9d2b4-f177-4de0-975c-6860d6ce3dbe",
            "184bbfa3-1ef1-44e2-8079-bada03bb7b29"
          ],
          "failures": [],
          "pending": [],
          "skipped": [],
          "duration": 12343,
          "root": false,
          "rootEmpty": false,
          "_timeout": 2000
        }
      ],
      "passes": [],
      "failures": [],
      "pending": [],
      "skipped": [],
      "duration": 0,
      "root": true,
      "rootEmpty": true,
      "_timeout": 2000
    }
  ],
  "meta": {
    "mocha": {
      "version": "7.0.1"
    },
    "mochawesome": {
      "options": {
        "quiet": false,
        "reportFilename": "report",
        "saveHtml": true,
        "saveJson": true,
        "consoleReporter": "spec",
        "useInlineDiffs": false,
        "code": true
      },
      "version": "6.2.2"
    },
    "marge": {
      "options": {
        "reportDir": "cypress/reports",
        "reportFilename": "report",
        "overwrite": false,
        "html": true,
        "json": true,
        "charts": true
      },
      "version": "5.2.0"
    }
  }
}