{
  "stats": {
    "suites": 1,
    "tests": 2,
    "passes": 2,
    "pending": 0,
    "failures": 0,
    "start": "2021-08-26T19:33:31.094Z",
    "end": "2021-08-26T19:33:37.388Z",
    "duration": 6294,
    "testsRegistered": 2,
    "passPercent": 100,
    "pendingPercent": 0,
    "other": 0,
    "hasOther": false,
    "skipped": 0,
    "hasSkipped": false
  },
  "results": [
    {
      "uuid": "66c155dd-1a2f-4bb7-8195-8cab9f263b36",
      "title": "",
      "fullFile": "cypress/integration/Buggytests/loginpom.spec.js",
      "file": "cypress/integration/Buggytests/loginpom.spec.js",
      "beforeHooks": [],
      "afterHooks": [],
      "tests": [],
      "suites": [
        {
          "uuid": "f7490bfa-88cd-4530-b991-6b327bc4f726",
          "title": "Login",
          "fullFile": "",
          "file": "",
          "beforeHooks": [],
          "afterHooks": [],
          "tests": [
            {
              "title": "Valid login Test",
              "fullTitle": "Login Valid login Test",
              "timedOut": null,
              "duration": 2343,
              "state": "passed",
              "speed": "slow",
              "pass": true,
              "fail": false,
              "pending": false,
              "context": null,
              "code": "cy.login(this.data.register.username, this.data.register.password);\ncy.contains('li', 'Hi', +this.data.register.firstname).should('be.visible');\ncy.contains('a', 'Logout').click();",
              "err": {},
              "uuid": "e4449c10-c422-4b27-911f-5ceb4e50ab6d",
              "parentUUID": "f7490bfa-88cd-4530-b991-6b327bc4f726",
              "isHook": false,
              "skipped": false
            },
            {
              "title": "Invalid login Test",
              "fullTitle": "Login Invalid login Test",
              "timedOut": null,
              "duration": 1418,
              "state": "passed",
              "speed": "slow",
              "pass": true,
              "fail": false,
              "pending": false,
              "context": null,
              "code": "const randomstring = cy.generateRandomString;\ncy.generateRandomString(10).then(login => {\n  cy.login(login, login);\n  cy.contains('Invalid username/password').should('be.visible');\n});",
              "err": {},
              "uuid": "64d0bd6a-6a1e-45c5-9887-15dba71cce29",
              "parentUUID": "f7490bfa-88cd-4530-b991-6b327bc4f726",
              "isHook": false,
              "skipped": false
            }
          ],
          "suites": [],
          "passes": [
            "e4449c10-c422-4b27-911f-5ceb4e50ab6d",
            "64d0bd6a-6a1e-45c5-9887-15dba71cce29"
          ],
          "failures": [],
          "pending": [],
          "skipped": [],
          "duration": 3761,
          "root": false,
          "rootEmpty": false,
          "_timeout": 2000
        }
      ],
      "passes": [],
      "failures": [],
      "pending": [],
      "skipped": [],
      "duration": 0,
      "root": true,
      "rootEmpty": true,
      "_timeout": 2000
    }
  ],
  "meta": {
    "mocha": {
      "version": "7.0.1"
    },
    "mochawesome": {
      "options": {
        "quiet": false,
        "reportFilename": "report",
        "saveHtml": true,
        "saveJson": true,
        "consoleReporter": "spec",
        "useInlineDiffs": false,
        "code": true
      },
      "version": "6.2.2"
    },
    "marge": {
      "options": {
        "reportDir": "cypress/reports",
        "reportFilename": "report",
        "overwrite": false,
        "html": true,
        "json": true,
        "charts": true
      },
      "version": "5.2.0"
    }
  }
}