{
  "stats": {
    "suites": 1,
    "tests": 2,
    "passes": 2,
    "pending": 0,
    "failures": 0,
    "start": "2021-08-26T19:44:51.943Z",
    "end": "2021-08-26T19:44:57.445Z",
    "duration": 5502,
    "testsRegistered": 2,
    "passPercent": 100,
    "pendingPercent": 0,
    "other": 0,
    "hasOther": false,
    "skipped": 0,
    "hasSkipped": false
  },
  "results": [
    {
      "uuid": "763a9381-6166-4f7e-8537-9474cb0fda67",
      "title": "",
      "fullFile": "cypress/integration/Buggytests/loginpom.spec.js",
      "file": "cypress/integration/Buggytests/loginpom.spec.js",
      "beforeHooks": [],
      "afterHooks": [],
      "tests": [],
      "suites": [
        {
          "uuid": "f3f06b3c-580d-43bf-9305-211ce8d0864e",
          "title": "Login",
          "fullFile": "",
          "file": "",
          "beforeHooks": [],
          "afterHooks": [],
          "tests": [
            {
              "title": "Valid login Test",
              "fullTitle": "Login Valid login Test",
              "timedOut": null,
              "duration": 2102,
              "state": "passed",
              "speed": "slow",
              "pass": true,
              "fail": false,
              "pending": false,
              "context": null,
              "code": "cy.login(this.data.register.username, this.data.register.password);\ncy.contains('li', 'Hi', +this.data.register.firstname).should('be.visible');\ncy.contains('a', 'Logout').click();",
              "err": {},
              "uuid": "799a9e7b-abb1-4a16-ad6b-a6e39fa2206e",
              "parentUUID": "f3f06b3c-580d-43bf-9305-211ce8d0864e",
              "isHook": false,
              "skipped": false
            },
            {
              "title": "Invalid login Test",
              "fullTitle": "Login Invalid login Test",
              "timedOut": null,
              "duration": 1039,
              "state": "passed",
              "speed": "slow",
              "pass": true,
              "fail": false,
              "pending": false,
              "context": null,
              "code": "const randomstring = cy.generateRandomString;\ncy.generateRandomString(10).then(login => {\n  cy.login(login, login);\n  cy.contains('Invalid username/password').should('be.visible');\n});",
              "err": {},
              "uuid": "3b76c7df-e529-401b-bfb0-ff3802c3515b",
              "parentUUID": "f3f06b3c-580d-43bf-9305-211ce8d0864e",
              "isHook": false,
              "skipped": false
            }
          ],
          "suites": [],
          "passes": [
            "799a9e7b-abb1-4a16-ad6b-a6e39fa2206e",
            "3b76c7df-e529-401b-bfb0-ff3802c3515b"
          ],
          "failures": [],
          "pending": [],
          "skipped": [],
          "duration": 3141,
          "root": false,
          "rootEmpty": false,
          "_timeout": 2000
        }
      ],
      "passes": [],
      "failures": [],
      "pending": [],
      "skipped": [],
      "duration": 0,
      "root": true,
      "rootEmpty": true,
      "_timeout": 2000
    }
  ],
  "meta": {
    "mocha": {
      "version": "7.0.1"
    },
    "mochawesome": {
      "options": {
        "quiet": false,
        "reportFilename": "report",
        "saveHtml": true,
        "saveJson": true,
        "consoleReporter": "spec",
        "useInlineDiffs": false,
        "code": true
      },
      "version": "6.2.2"
    },
    "marge": {
      "options": {
        "reportDir": "cypress/reports",
        "reportFilename": "report",
        "overwrite": false,
        "html": true,
        "json": true,
        "charts": true
      },
      "version": "5.2.0"
    }
  }
}