{
  "stats": {
    "suites": 1,
    "tests": 2,
    "passes": 2,
    "pending": 0,
    "failures": 0,
    "start": "2021-08-26T19:55:22.286Z",
    "end": "2021-08-26T19:55:27.549Z",
    "duration": 5263,
    "testsRegistered": 2,
    "passPercent": 100,
    "pendingPercent": 0,
    "other": 0,
    "hasOther": false,
    "skipped": 0,
    "hasSkipped": false
  },
  "results": [
    {
      "uuid": "81328b2d-0081-467b-bf9c-adf4cb103f40",
      "title": "",
      "fullFile": "cypress/integration/Buggytests/loginpom.spec.js",
      "file": "cypress/integration/Buggytests/loginpom.spec.js",
      "beforeHooks": [],
      "afterHooks": [],
      "tests": [],
      "suites": [
        {
          "uuid": "b380a36e-4e91-40e5-8af9-110f1436ec60",
          "title": "Login",
          "fullFile": "",
          "file": "",
          "beforeHooks": [],
          "afterHooks": [],
          "tests": [
            {
              "title": "Valid login Test",
              "fullTitle": "Login Valid login Test",
              "timedOut": null,
              "duration": 2076,
              "state": "passed",
              "speed": "slow",
              "pass": true,
              "fail": false,
              "pending": false,
              "context": null,
              "code": "cy.login(this.data.register.username, this.data.register.password);\ncy.contains('li', 'Hi', +this.data.register.firstname).should('be.visible');\ncy.contains('a', 'Logout').click();",
              "err": {},
              "uuid": "ffa226b0-462d-4763-a185-78168a4dc267",
              "parentUUID": "b380a36e-4e91-40e5-8af9-110f1436ec60",
              "isHook": false,
              "skipped": false
            },
            {
              "title": "Invalid login Test",
              "fullTitle": "Login Invalid login Test",
              "timedOut": null,
              "duration": 1051,
              "state": "passed",
              "speed": "slow",
              "pass": true,
              "fail": false,
              "pending": false,
              "context": null,
              "code": "const randomstring = cy.generateRandomString;\ncy.generateRandomString(10).then(login => {\n  cy.login(login, login);\n  cy.contains('Invalid username/password').should('be.visible');\n});",
              "err": {},
              "uuid": "a68180cc-5bea-4c56-b63c-b5d806002202",
              "parentUUID": "b380a36e-4e91-40e5-8af9-110f1436ec60",
              "isHook": false,
              "skipped": false
            }
          ],
          "suites": [],
          "passes": [
            "ffa226b0-462d-4763-a185-78168a4dc267",
            "a68180cc-5bea-4c56-b63c-b5d806002202"
          ],
          "failures": [],
          "pending": [],
          "skipped": [],
          "duration": 3127,
          "root": false,
          "rootEmpty": false,
          "_timeout": 2000
        }
      ],
      "passes": [],
      "failures": [],
      "pending": [],
      "skipped": [],
      "duration": 0,
      "root": true,
      "rootEmpty": true,
      "_timeout": 2000
    }
  ],
  "meta": {
    "mocha": {
      "version": "7.0.1"
    },
    "mochawesome": {
      "options": {
        "quiet": false,
        "reportFilename": "report",
        "saveHtml": true,
        "saveJson": true,
        "consoleReporter": "spec",
        "useInlineDiffs": false,
        "code": true
      },
      "version": "6.2.2"
    },
    "marge": {
      "options": {
        "reportDir": "cypress/reports",
        "reportFilename": "report",
        "overwrite": false,
        "html": true,
        "json": true,
        "charts": true
      },
      "version": "5.2.0"
    }
  }
}