{
  "stats": {
    "suites": 2,
    "tests": 9,
    "passes": 9,
    "pending": 0,
    "failures": 0,
    "start": "2022-03-03T07:57:32.328Z",
    "end": "2022-03-03T07:57:54.187Z",
    "duration": 21859,
    "testsRegistered": 9,
    "passPercent": 100,
    "pendingPercent": 0,
    "other": 0,
    "hasOther": false,
    "skipped": 0,
    "hasSkipped": false
  },
  "results": [
    {
      "uuid": "d9fe1c14-b3b2-4bce-853c-738f9f0fa66b",
      "title": "",
      "fullFile": "cypress/integration/Buggytests/registerpage.spec.js",
      "file": "cypress/integration/Buggytests/registerpage.spec.js",
      "beforeHooks": [],
      "afterHooks": [],
      "tests": [],
      "suites": [
        {
          "uuid": "73c16beb-5219-4270-909d-9928899d1f5c",
          "title": "Register User",
          "fullFile": "",
          "file": "",
          "beforeHooks": [],
          "afterHooks": [],
          "tests": [
            {
              "title": "Valid Registration",
              "fullTitle": "Register User Valid Registration",
              "timedOut": null,
              "duration": 3280,
              "state": "passed",
              "speed": "slow",
              "pass": true,
              "fail": false,
              "pending": false,
              "context": null,
              "code": "const register = new _register.default();\nregister.registerbtn();\ncy.generateRandomString(10).then(data => {\n  register.fillUserName(data);\n  register.fillFirstName(data);\n  register.fillLastName(data);\n});\nregister.fillPassword('Test1234!');\nregister.fillConfirmPassword('Test1234!');\ncy.clickButton('Register');\ncy.contains('Registration is successful').should('be.visible');\ncy.Button('Cancel');\ncy.contains('a', 'Buggy Rating').should('be.visible');",
              "err": {},
              "uuid": "07064c08-c840-4f2d-87b3-a9941ff55975",
              "parentUUID": "73c16beb-5219-4270-909d-9928899d1f5c",
              "isHook": false,
              "skipped": false
            },
            {
              "title": "Check Login cannot be more than 50 characters long",
              "fullTitle": "Register User Check Login cannot be more than 50 characters long",
              "timedOut": null,
              "duration": 1611,
              "state": "passed",
              "speed": "slow",
              "pass": true,
              "fail": false,
              "pending": false,
              "context": null,
              "code": "const register = new _register.default();\nregister.registerbtn();\ncy.generateRandomString(60).then(data => {\n  register.fillUserName(data);\n  cy.contains('Login cannot be more than 50 characters long').should('be.visible');\n});\ncy.Button('Cancel');",
              "err": {},
              "uuid": "4bbc1594-f10f-4ec4-9e71-e2bb4effd5e6",
              "parentUUID": "73c16beb-5219-4270-909d-9928899d1f5c",
              "isHook": false,
              "skipped": false
            },
            {
              "title": "Check registration form validation",
              "fullTitle": "Register User Check registration form validation",
              "timedOut": null,
              "duration": 2626,
              "state": "passed",
              "speed": "slow",
              "pass": true,
              "fail": false,
              "pending": false,
              "context": null,
              "code": "const register = new _register.default();\nregister.registerbtn();\nregister.fillUserName('HI');\ncy.get('#username').clear();\ncy.contains('Login is required').should('be.visible');\nregister.fillFirstName('test');\ncy.get('#firstName').clear();\ncy.contains('First Name is required').should('be.visible');\nregister.fillLastName('data');\ncy.get('#lastName').clear(); //cy.contains('Last Name is required').should('be.visible')\nregister.fillPassword('Test1234!');\ncy.get('#password').clear();\ncy.contains('Password is required').should('be.visible');\nregister.fillConfirmPassword('Test1234!');\ncy.get('#confirmPassword').clear();\ncy.contains('Passwords do not match').should('be.visible');",
              "err": {},
              "uuid": "3d3a009b-abbd-4be1-811f-4fe9ed14f076",
              "parentUUID": "73c16beb-5219-4270-909d-9928899d1f5c",
              "isHook": false,
              "skipped": false
            },
            {
              "title": "User already exist",
              "fullTitle": "Register User User already exist",
              "timedOut": null,
              "duration": 2493,
              "state": "passed",
              "speed": "slow",
              "pass": true,
              "fail": false,
              "pending": false,
              "context": null,
              "code": "const register = new _register.default();\nregister.registerbtn();\nregister.fillUserName(this.data.register.username);\nregister.fillFirstName('test');\nregister.fillLastName('data');\nregister.fillPassword('Tes1234!');\nregister.fillConfirmPassword('Tes1234!');\ncy.clickButton('Register');\ncy.contains('UsernameExistsException: User already exists').should('be.visible');\ncy.Button('Cancel');\ncy.contains('a', 'Buggy Rating').should('be.visible');",
              "err": {},
              "uuid": "9b419276-cf9a-4206-bb6b-d28cc26cc86b",
              "parentUUID": "73c16beb-5219-4270-909d-9928899d1f5c",
              "isHook": false,
              "skipped": false
            }
          ],
          "suites": [
            {
              "uuid": "bd7ecb94-062d-4fd2-8c9a-187d870ce5b2",
              "title": "Password Validation",
              "fullFile": "",
              "file": "",
              "beforeHooks": [],
              "afterHooks": [],
              "tests": [
                {
                  "title": "Invalid password length",
                  "fullTitle": "Register User Password Validation Invalid password length",
                  "timedOut": null,
                  "duration": 2139,
                  "state": "passed",
                  "speed": "slow",
                  "pass": true,
                  "fail": false,
                  "pending": false,
                  "context": null,
                  "code": "const register = new _register.default();\nregister.registerbtn();\nregister.fillUserName('HI');\nregister.fillFirstName('test');\nregister.fillLastName('data');\nregister.fillPassword('test');\nregister.fillConfirmPassword('test');\ncy.clickButton('Register');\ncy.contains(\"InvalidParameter: 1 validation error(s) found.\").should('be.visible');\ncy.contains(\"- minimum field size of 6, SignUpInput.Password.\").should('be.visible');",
                  "err": {},
                  "uuid": "02f270c2-576d-454e-ba54-a24bba9b12e6",
                  "parentUUID": "bd7ecb94-062d-4fd2-8c9a-187d870ce5b2",
                  "isHook": false,
                  "skipped": false
                },
                {
                  "title": "Password lowercase",
                  "fullTitle": "Register User Password Validation Password lowercase",
                  "timedOut": null,
                  "duration": 2122,
                  "state": "passed",
                  "speed": "slow",
                  "pass": true,
                  "fail": false,
                  "pending": false,
                  "context": null,
                  "code": "const register = new _register.default();\nregister.registerbtn();\nregister.fillUserName('HI');\nregister.fillFirstName('test');\nregister.fillLastName('data');\nregister.fillPassword('TEST1234!');\nregister.fillConfirmPassword('TEST1234!');\ncy.clickButton('Register');\ncy.contains('InvalidPasswordException: Password did not conform with policy: Password must have lowercase characters').should('be.visible');",
                  "err": {},
                  "uuid": "52a57d81-7471-416e-b119-eefe1900381b",
                  "parentUUID": "bd7ecb94-062d-4fd2-8c9a-187d870ce5b2",
                  "isHook": false,
                  "skipped": false
                },
                {
                  "title": "Password not long enough",
                  "fullTitle": "Register User Password Validation Password not long enough",
                  "timedOut": null,
                  "duration": 2098,
                  "state": "passed",
                  "speed": "slow",
                  "pass": true,
                  "fail": false,
                  "pending": false,
                  "context": null,
                  "code": "const register = new _register.default();\nregister.registerbtn();\nregister.fillUserName('HI');\nregister.fillFirstName('test');\nregister.fillLastName('data');\nregister.fillPassword('tes@12');\nregister.fillConfirmPassword('tes@12');\ncy.clickButton('Register');\ncy.contains('InvalidPasswordException: Password did not conform with policy: Password not long enough').should('be.visible');",
                  "err": {},
                  "uuid": "c46c4640-252f-4552-9e77-6af318c689da",
                  "parentUUID": "bd7ecb94-062d-4fd2-8c9a-187d870ce5b2",
                  "isHook": false,
                  "skipped": false
                },
                {
                  "title": "Password special characters",
                  "fullTitle": "Register User Password Validation Password special characters",
                  "timedOut": null,
                  "duration": 2003,
                  "state": "passed",
                  "speed": "slow",
                  "pass": true,
                  "fail": false,
                  "pending": false,
                  "context": null,
                  "code": "const register = new _register.default();\nregister.registerbtn();\nregister.fillUserName('HI');\nregister.fillFirstName('test');\nregister.fillLastName('data');\nregister.fillPassword('tes12');\nregister.fillConfirmPassword('tes12');\ncy.clickButton('Register');\ncy.contains(\"InvalidParameter: 1 validation error(s) found.\").should('be.visible');\ncy.contains(\"- minimum field size of 6, SignUpInput.Password.\").should('be.visible');",
                  "err": {},
                  "uuid": "7d826f73-64a7-4cd1-9067-c60b6fbd344d",
                  "parentUUID": "bd7ecb94-062d-4fd2-8c9a-187d870ce5b2",
                  "isHook": false,
                  "skipped": false
                },
                {
                  "title": "Password Uppercase",
                  "fullTitle": "Register User Password Validation Password Uppercase",
                  "timedOut": null,
                  "duration": 2055,
                  "state": "passed",
                  "speed": "slow",
                  "pass": true,
                  "fail": false,
                  "pending": false,
                  "context": null,
                  "code": "const register = new _register.default();\nregister.registerbtn();\nregister.fillUserName('HI');\nregister.fillFirstName('test');\nregister.fillLastName('data');\nregister.fillPassword('test1234!');\nregister.fillConfirmPassword('test1234!');\ncy.clickButton('Register');\ncy.contains('InvalidPasswordException: Password did not conform with policy: Password must have uppercase characters').should('be.visible');",
                  "err": {},
                  "uuid": "3fbaade5-e666-445e-911e-397b758a4bd2",
                  "parentUUID": "bd7ecb94-062d-4fd2-8c9a-187d870ce5b2",
                  "isHook": false,
                  "skipped": false
                }
              ],
              "suites": [],
              "passes": [
                "02f270c2-576d-454e-ba54-a24bba9b12e6",
                "52a57d81-7471-416e-b119-eefe1900381b",
                "c46c4640-252f-4552-9e77-6af318c689da",
                "7d826f73-64a7-4cd1-9067-c60b6fbd344d",
                "3fbaade5-e666-445e-911e-397b758a4bd2"
              ],
              "failures": [],
              "pending": [],
              "skipped": [],
              "duration": 10417,
              "root": false,
              "rootEmpty": false,
              "_timeout": 2000
            }
          ],
          "passes": [
            "07064c08-c840-4f2d-87b3-a9941ff55975",
            "4bbc1594-f10f-4ec4-9e71-e2bb4effd5e6",
            "3d3a009b-abbd-4be1-811f-4fe9ed14f076",
            "9b419276-cf9a-4206-bb6b-d28cc26cc86b"
          ],
          "failures": [],
          "pending": [],
          "skipped": [],
          "duration": 10010,
          "root": false,
          "rootEmpty": false,
          "_timeout": 2000
        }
      ],
      "passes": [],
      "failures": [],
      "pending": [],
      "skipped": [],
      "duration": 0,
      "root": true,
      "rootEmpty": true,
      "_timeout": 2000
    }
  ],
  "meta": {
    "mocha": {
      "version": "7.0.1"
    },
    "mochawesome": {
      "options": {
        "quiet": false,
        "reportFilename": "report",
        "saveHtml": true,
        "saveJson": true,
        "consoleReporter": "spec",
        "useInlineDiffs": false,
        "code": true
      },
      "version": "6.2.2"
    },
    "marge": {
      "options": {
        "reportDir": "cypress/reports",
        "reportFilename": "report",
        "overwrite": false,
        "html": true,
        "json": true,
        "charts": true
      },
      "version": "5.2.0"
    }
  }
}