{
  "stats": {
    "suites": 1,
    "tests": 2,
    "passes": 2,
    "pending": 0,
    "failures": 0,
    "start": "2021-08-27T00:12:50.745Z",
    "end": "2021-08-27T00:12:57.148Z",
    "duration": 6403,
    "testsRegistered": 2,
    "passPercent": 100,
    "pendingPercent": 0,
    "other": 0,
    "hasOther": false,
    "skipped": 0,
    "hasSkipped": false
  },
  "results": [
    {
      "uuid": "28f50a9e-90af-4044-a8fb-8003f646926f",
      "title": "",
      "fullFile": "cypress/integration/Buggytests/loginpage.spec.js",
      "file": "cypress/integration/Buggytests/loginpage.spec.js",
      "beforeHooks": [],
      "afterHooks": [],
      "tests": [],
      "suites": [
        {
          "uuid": "0e858de9-e110-46a6-9c63-ed9c18dfaedf",
          "title": "Login",
          "fullFile": "",
          "file": "",
          "beforeHooks": [],
          "afterHooks": [],
          "tests": [
            {
              "title": "Valid login Test",
              "fullTitle": "Login Valid login Test",
              "timedOut": null,
              "duration": 2571,
              "state": "passed",
              "speed": "slow",
              "pass": true,
              "fail": false,
              "pending": false,
              "context": null,
              "code": "cy.login(this.data.register.username, this.data.register.password);\ncy.contains('li', 'Hi', +this.data.register.firstname).should('be.visible');\ncy.contains('a', 'Logout').click();",
              "err": {},
              "uuid": "cd4bcc5e-d34e-422d-b1f7-556311dab0d6",
              "parentUUID": "0e858de9-e110-46a6-9c63-ed9c18dfaedf",
              "isHook": false,
              "skipped": false
            },
            {
              "title": "Invalid login Test",
              "fullTitle": "Login Invalid login Test",
              "timedOut": null,
              "duration": 1347,
              "state": "passed",
              "speed": "slow",
              "pass": true,
              "fail": false,
              "pending": false,
              "context": null,
              "code": "const randomstring = cy.generateRandomString;\ncy.generateRandomString(10).then(login => {\n  cy.login(login, login);\n  cy.contains('Invalid username/password').should('be.visible');\n});",
              "err": {},
              "uuid": "7049c46d-0e62-44d1-96d8-d48694ff7dd2",
              "parentUUID": "0e858de9-e110-46a6-9c63-ed9c18dfaedf",
              "isHook": false,
              "skipped": false
            }
          ],
          "suites": [],
          "passes": [
            "cd4bcc5e-d34e-422d-b1f7-556311dab0d6",
            "7049c46d-0e62-44d1-96d8-d48694ff7dd2"
          ],
          "failures": [],
          "pending": [],
          "skipped": [],
          "duration": 3918,
          "root": false,
          "rootEmpty": false,
          "_timeout": 2000
        }
      ],
      "passes": [],
      "failures": [],
      "pending": [],
      "skipped": [],
      "duration": 0,
      "root": true,
      "rootEmpty": true,
      "_timeout": 2000
    }
  ],
  "meta": {
    "mocha": {
      "version": "7.0.1"
    },
    "mochawesome": {
      "options": {
        "quiet": false,
        "reportFilename": "report",
        "saveHtml": true,
        "saveJson": true,
        "consoleReporter": "spec",
        "useInlineDiffs": false,
        "code": true
      },
      "version": "6.2.2"
    },
    "marge": {
      "options": {
        "reportDir": "cypress/reports",
        "reportFilename": "report",
        "overwrite": false,
        "html": true,
        "json": true,
        "charts": true
      },
      "version": "5.2.0"
    }
  }
}